<?xml version="1.0" encoding="UTF-8"?>
<coverage generated="1774895410456" clover="3.2.0">
  <project timestamp="1774895410456" name="All files">
    <metrics statements="297" coveredstatements="297" conditionals="175" coveredconditionals="169" methods="85" coveredmethods="85" elements="557" coveredelements="551" complexity="0" loc="297" ncloc="297" packages="19" files="30" classes="30"/>
    <package name="src">
      <metrics statements="1" coveredstatements="1" conditionals="0" coveredconditionals="0" methods="1" coveredmethods="1"/>
      <file name="App.jsx" path="C:\Users\velas\OneDrive\Documentos\pruebas-tecnicas\frontendDevTest\src\App.jsx">
        <metrics statements="1" coveredstatements="1" conditionals="0" coveredconditionals="0" methods="1" coveredmethods="1"/>
        <line num="9" count="3" type="stmt"/>
      </file>
    </package>
    <package name="src.components.layout">
      <metrics statements="2" coveredstatements="2" conditionals="0" coveredconditionals="0" methods="1" coveredmethods="1"/>
      <file name="products-layout.jsx" path="C:\Users\velas\OneDrive\Documentos\pruebas-tecnicas\frontendDevTest\src\components\layout\products-layout.jsx">
        <metrics statements="2" coveredstatements="2" conditionals="0" coveredconditionals="0" methods="1" coveredmethods="1"/>
        <line num="4" count="1" type="stmt"/>
        <line num="5" count="3" type="stmt"/>
      </file>
    </package>
    <package name="src.components.pagination">
      <metrics statements="18" coveredstatements="18" conditionals="14" coveredconditionals="13" methods="9" coveredmethods="9"/>
      <file name="custom-pagination.jsx" path="C:\Users\velas\OneDrive\Documentos\pruebas-tecnicas\frontendDevTest\src\components\pagination\custom-pagination.jsx">
        <metrics statements="18" coveredstatements="18" conditionals="14" coveredconditionals="13" methods="9" coveredmethods="9"/>
        <line num="3" count="1" type="stmt"/>
        <line num="4" count="10" type="stmt"/>
        <line num="5" count="60" type="stmt"/>
        <line num="8" count="1" type="stmt"/>
        <line num="9" count="10" type="stmt"/>
        <line num="10" count="10" type="stmt"/>
        <line num="12" count="10" type="stmt"/>
        <line num="13" count="10" type="stmt"/>
        <line num="15" count="10" type="cond" truecount="2" falsecount="0"/>
        <line num="16" count="5" type="stmt"/>
        <line num="19" count="10" type="stmt"/>
        <line num="21" count="10" type="stmt"/>
        <line num="26" count="1" type="stmt"/>
        <line num="38" count="1" type="stmt"/>
        <line num="51" count="60" type="stmt"/>
        <line num="54" count="1" type="stmt"/>
        <line num="79" count="1" type="stmt"/>
        <line num="92" count="1" type="stmt"/>
      </file>
    </package>
    <package name="src.components.products.product-card">
      <metrics statements="2" coveredstatements="2" conditionals="0" coveredconditionals="0" methods="1" coveredmethods="1"/>
      <file name="product-card.jsx" path="C:\Users\velas\OneDrive\Documentos\pruebas-tecnicas\frontendDevTest\src\components\products\product-card\product-card.jsx">
        <metrics statements="2" coveredstatements="2" conditionals="0" coveredconditionals="0" methods="1" coveredmethods="1"/>
        <line num="3" count="1" type="stmt"/>
        <line num="4" count="3" type="stmt"/>
      </file>
    </package>
    <package name="src.components.products.product-detail">
      <metrics statements="20" coveredstatements="20" conditionals="17" coveredconditionals="17" methods="12" coveredmethods="12"/>
      <file name="product-detail-card.jsx" path="C:\Users\velas\OneDrive\Documentos\pruebas-tecnicas\frontendDevTest\src\components\products\product-detail\product-detail-card.jsx">
        <metrics statements="2" coveredstatements="2" conditionals="4" coveredconditionals="4" methods="1" coveredmethods="1"/>
        <line num="1" count="1" type="stmt"/>
        <line num="2" count="4" type="stmt"/>
      </file>
      <file name="product-detail-grid-section.jsx" path="C:\Users\velas\OneDrive\Documentos\pruebas-tecnicas\frontendDevTest\src\components\products\product-detail\product-detail-grid-section.jsx">
        <metrics statements="3" coveredstatements="3" conditionals="0" coveredconditionals="0" methods="2" coveredmethods="2"/>
        <line num="4" count="1" type="stmt"/>
        <line num="5" count="3" type="stmt"/>
        <line num="9" count="3" type="stmt"/>
      </file>
      <file name="product-detail-hero.jsx" path="C:\Users\velas\OneDrive\Documentos\pruebas-tecnicas\frontendDevTest\src\components\products\product-detail\product-detail-hero.jsx">
        <metrics statements="3" coveredstatements="3" conditionals="0" coveredconditionals="0" methods="2" coveredmethods="2"/>
        <line num="1" count="1" type="stmt"/>
        <line num="2" count="4" type="stmt"/>
        <line num="33" count="8" type="stmt"/>
      </file>
      <file name="product-detail-section-card.jsx" path="C:\Users\velas\OneDrive\Documentos\pruebas-tecnicas\frontendDevTest\src\components\products\product-detail\product-detail-section-card.jsx">
        <metrics statements="2" coveredstatements="2" conditionals="0" coveredconditionals="0" methods="1" coveredmethods="1"/>
        <line num="1" count="1" type="stmt"/>
        <line num="2" count="1" type="stmt"/>
      </file>
      <file name="product-page-state.jsx" path="C:\Users\velas\OneDrive\Documentos\pruebas-tecnicas\frontendDevTest\src\components\products\product-detail\product-page-state.jsx">
        <metrics statements="2" coveredstatements="2" conditionals="5" coveredconditionals="5" methods="1" coveredmethods="1"/>
        <line num="4" count="1" type="cond" truecount="1" falsecount="0"/>
        <line num="5" count="4" type="stmt"/>
      </file>
      <file name="product-purchase-panel.jsx" path="C:\Users\velas\OneDrive\Documentos\pruebas-tecnicas\frontendDevTest\src\components\products\product-detail\product-purchase-panel.jsx">
        <metrics statements="8" coveredstatements="8" conditionals="8" coveredconditionals="8" methods="5" coveredmethods="5"/>
        <line num="5" count="1" type="stmt"/>
        <line num="17" count="7" type="stmt"/>
        <line num="28" count="14" type="stmt"/>
        <line num="30" count="14" type="stmt"/>
        <line num="34" count="1" type="stmt"/>
        <line num="55" count="14" type="stmt"/>
        <line num="57" count="14" type="stmt"/>
        <line num="61" count="1" type="stmt"/>
      </file>
    </package>
    <package name="src.components.products.products-header">
      <metrics statements="11" coveredstatements="11" conditionals="13" coveredconditionals="13" methods="3" coveredmethods="3"/>
      <file name="products-header.jsx" path="C:\Users\velas\OneDrive\Documentos\pruebas-tecnicas\frontendDevTest\src\components\products\products-header\products-header.jsx">
        <metrics statements="11" coveredstatements="11" conditionals="13" coveredconditionals="13" methods="3" coveredmethods="3"/>
        <line num="6" count="1" type="stmt"/>
        <line num="7" count="8" type="cond" truecount="1" falsecount="0"/>
        <line num="8" count="8" type="stmt"/>
        <line num="9" count="8" type="stmt"/>
        <line num="11" count="8" type="stmt"/>
        <line num="12" count="8" type="cond" truecount="2" falsecount="0"/>
        <line num="13" count="4" type="cond" truecount="4" falsecount="0"/>
        <line num="15" count="2" type="stmt"/>
        <line num="17" count="2" type="cond" truecount="2" falsecount="0"/>
        <line num="19" count="1" type="stmt"/>
        <line num="22" count="8" type="stmt"/>
      </file>
    </package>
    <package name="src.components.search">
      <metrics statements="18" coveredstatements="18" conditionals="7" coveredconditionals="7" methods="6" coveredmethods="6"/>
      <file name="search-bar.jsx" path="C:\Users\velas\OneDrive\Documentos\pruebas-tecnicas\frontendDevTest\src\components\search\search-bar.jsx">
        <metrics statements="18" coveredstatements="18" conditionals="7" coveredconditionals="7" methods="6" coveredmethods="6"/>
        <line num="4" count="1" type="stmt"/>
        <line num="10" count="13" type="stmt"/>
        <line num="11" count="13" type="stmt"/>
        <line num="12" count="13" type="stmt"/>
        <line num="14" count="13" type="stmt"/>
        <line num="15" count="13" type="cond" truecount="2" falsecount="0"/>
        <line num="16" count="8" type="stmt"/>
        <line num="17" count="8" type="stmt"/>
        <line num="20" count="5" type="stmt"/>
        <line num="21" count="3" type="stmt"/>
        <line num="24" count="5" type="stmt"/>
        <line num="27" count="13" type="stmt"/>
        <line num="28" count="5" type="stmt"/>
        <line num="31" count="13" type="stmt"/>
        <line num="32" count="2" type="cond" truecount="2" falsecount="0"/>
        <line num="33" count="1" type="stmt"/>
        <line num="34" count="1" type="stmt"/>
        <line num="38" count="13" type="stmt"/>
      </file>
    </package>
    <package name="src.components.ui.back-to-link">
      <metrics statements="2" coveredstatements="2" conditionals="0" coveredconditionals="0" methods="1" coveredmethods="1"/>
      <file name="back-to-link.jsx" path="C:\Users\velas\OneDrive\Documentos\pruebas-tecnicas\frontendDevTest\src\components\ui\back-to-link\back-to-link.jsx">
        <metrics statements="2" coveredstatements="2" conditionals="0" coveredconditionals="0" methods="1" coveredmethods="1"/>
        <line num="4" count="1" type="stmt"/>
        <line num="5" count="1" type="stmt"/>
      </file>
    </package>
    <package name="src.components.ui.spinner">
      <metrics statements="2" coveredstatements="2" conditionals="3" coveredconditionals="3" methods="1" coveredmethods="1"/>
      <file name="spinner.jsx" path="C:\Users\velas\OneDrive\Documentos\pruebas-tecnicas\frontendDevTest\src\components\ui\spinner\spinner.jsx">
        <metrics statements="2" coveredstatements="2" conditionals="3" coveredconditionals="3" methods="1" coveredmethods="1"/>
        <line num="1" count="1" type="stmt"/>
        <line num="6" count="3" type="stmt"/>
      </file>
    </package>
    <package name="src.context">
      <metrics statements="36" coveredstatements="36" conditionals="16" coveredconditionals="15" methods="4" coveredmethods="4"/>
      <file name="products-context-provider.jsx" path="C:\Users\velas\OneDrive\Documentos\pruebas-tecnicas\frontendDevTest\src\context\products-context-provider.jsx">
        <metrics statements="30" coveredstatements="30" conditionals="14" coveredconditionals="13" methods="3" coveredmethods="3"/>
        <line num="10" count="1" type="stmt"/>
        <line num="11" count="12" type="stmt"/>
        <line num="13" count="12" type="cond" truecount="2" falsecount="0"/>
        <line num="15" count="4" type="stmt"/>
        <line num="17" count="4" type="cond" truecount="2" falsecount="0"/>
        <line num="18" count="2" type="stmt"/>
        <line num="19" count="2" type="stmt"/>
        <line num="22" count="2" type="stmt"/>
        <line num="25" count="1" type="stmt"/>
        <line num="26" count="18" type="stmt"/>
        <line num="27" count="18" type="stmt"/>
        <line num="28" count="18" type="stmt"/>
        <line num="30" count="18" type="stmt"/>
        <line num="35" count="18" type="cond" truecount="2" falsecount="0"/>
        <line num="36" count="6" type="cond" truecount="2" falsecount="0"/>
        <line num="37" count="3" type="stmt"/>
        <line num="39" count="3" type="cond" truecount="1" falsecount="1"/>
        <line num="40" count="3" type="stmt"/>
        <line num="42" count="3" type="cond" truecount="2" falsecount="0"/>
        <line num="43" count="2" type="stmt"/>
        <line num="44" count="2" type="stmt"/>
        <line num="45" count="2" type="stmt"/>
        <line num="48" count="1" type="stmt"/>
        <line num="52" count="4" type="stmt"/>
        <line num="54" count="4" type="cond" truecount="2" falsecount="0"/>
        <line num="56" count="3" type="stmt"/>
        <line num="58" count="3" type="stmt"/>
        <line num="59" count="3" type="stmt"/>
        <line num="61" count="3" type="stmt"/>
        <line num="64" count="18" type="stmt"/>
      </file>
      <file name="use-products.jsx" path="C:\Users\velas\OneDrive\Documentos\pruebas-tecnicas\frontendDevTest\src\context\use-products.jsx">
        <metrics statements="6" coveredstatements="6" conditionals="2" coveredconditionals="2" methods="1" coveredmethods="1"/>
        <line num="4" count="2" type="stmt"/>
        <line num="6" count="2" type="stmt"/>
        <line num="7" count="22" type="stmt"/>
        <line num="9" count="22" type="cond" truecount="2" falsecount="0"/>
        <line num="10" count="2" type="stmt"/>
        <line num="13" count="19" type="stmt"/>
      </file>
    </package>
    <package name="src.hooks.api">
      <metrics statements="23" coveredstatements="23" conditionals="7" coveredconditionals="7" methods="2" coveredmethods="2"/>
      <file name="use-api.jsx" path="C:\Users\velas\OneDrive\Documentos\pruebas-tecnicas\frontendDevTest\src\hooks\api\use-api.jsx">
        <metrics statements="23" coveredstatements="23" conditionals="7" coveredconditionals="7" methods="2" coveredmethods="2"/>
        <line num="5" count="1" type="stmt"/>
        <line num="6" count="20" type="stmt"/>
        <line num="8" count="20" type="cond" truecount="1" falsecount="0"/>
        <line num="9" count="9" type="stmt"/>
        <line num="10" count="9" type="stmt"/>
        <line num="12" count="9" type="stmt"/>
        <line num="14" count="8" type="cond" truecount="2" falsecount="0"/>
        <line num="15" count="1" type="stmt"/>
        <line num="16" count="1" type="stmt"/>
        <line num="19" count="7" type="stmt"/>
        <line num="21" count="7" type="cond" truecount="2" falsecount="0"/>
        <line num="22" count="3" type="stmt"/>
        <line num="24" count="3" type="cond" truecount="2" falsecount="0"/>
        <line num="25" count="2" type="stmt"/>
        <line num="26" count="2" type="stmt"/>
        <line num="27" count="2" type="stmt"/>
        <line num="30" count="1" type="stmt"/>
        <line num="33" count="5" type="stmt"/>
        <line num="35" count="1" type="stmt"/>
        <line num="36" count="1" type="stmt"/>
        <line num="37" count="1" type="stmt"/>
        <line num="39" count="9" type="stmt"/>
        <line num="43" count="20" type="stmt"/>
      </file>
    </package>
    <package name="src.hooks.product">
      <metrics statements="68" coveredstatements="68" conditionals="38" coveredconditionals="37" methods="17" coveredmethods="17"/>
      <file name="use-product-detail.jsx" path="C:\Users\velas\OneDrive\Documentos\pruebas-tecnicas\frontendDevTest\src\hooks\product\use-product-detail.jsx">
        <metrics statements="27" coveredstatements="27" conditionals="14" coveredconditionals="13" methods="4" coveredmethods="4"/>
        <line num="8" count="2" type="stmt"/>
        <line num="9" count="14" type="stmt"/>
        <line num="14" count="14" type="stmt"/>
        <line num="19" count="14" type="stmt"/>
        <line num="20" count="9" type="cond" truecount="2" falsecount="0"/>
        <line num="22" count="8" type="stmt"/>
        <line num="23" count="8" type="stmt"/>
        <line num="25" count="8" type="stmt"/>
        <line num="26" count="8" type="stmt"/>
        <line num="28" count="8" type="cond" truecount="2" falsecount="0"/>
        <line num="29" count="2" type="stmt"/>
        <line num="31" count="2" type="cond" truecount="2" falsecount="0"/>
        <line num="32" count="1" type="cond" truecount="1" falsecount="1"/>
        <line num="33" count="1" type="stmt"/>
        <line num="39" count="1" type="stmt"/>
        <line num="42" count="1" type="stmt"/>
        <line num="45" count="7" type="stmt"/>
        <line num="47" count="7" type="cond" truecount="2" falsecount="0"/>
        <line num="49" count="6" type="cond" truecount="2" falsecount="0"/>
        <line num="50" count="2" type="stmt"/>
        <line num="54" count="2" type="stmt"/>
        <line num="57" count="4" type="stmt"/>
        <line num="62" count="4" type="stmt"/>
        <line num="65" count="8" type="stmt"/>
        <line num="67" count="8" type="stmt"/>
        <line num="68" count="8" type="stmt"/>
        <line num="72" count="14" type="stmt"/>
      </file>
      <file name="use-product-options.jsx" path="C:\Users\velas\OneDrive\Documentos\pruebas-tecnicas\frontendDevTest\src\hooks\product\use-product-options.jsx">
        <metrics statements="18" coveredstatements="18" conditionals="16" coveredconditionals="16" methods="7" coveredmethods="7"/>
        <line num="3" count="1" type="stmt"/>
        <line num="4" count="12" type="stmt"/>
        <line num="5" count="12" type="stmt"/>
        <line num="7" count="12" type="stmt"/>
        <line num="8" count="9" type="cond" truecount="2" falsecount="0"/>
        <line num="12" count="12" type="stmt"/>
        <line num="13" count="9" type="cond" truecount="2" falsecount="0"/>
        <line num="17" count="12" type="cond" truecount="2" falsecount="0"/>
        <line num="18" count="12" type="cond" truecount="2" falsecount="0"/>
        <line num="20" count="12" type="cond" truecount="2" falsecount="0"/>
        <line num="21" count="12" type="cond" truecount="2" falsecount="0"/>
        <line num="23" count="12" type="stmt"/>
        <line num="24" count="11" type="stmt"/>
        <line num="25" count="10" type="cond" truecount="2" falsecount="0"/>
        <line num="30" count="12" type="stmt"/>
        <line num="31" count="11" type="stmt"/>
        <line num="32" count="10" type="cond" truecount="2" falsecount="0"/>
        <line num="37" count="12" type="stmt"/>
      </file>
      <file name="use-products-per-page.jsx" path="C:\Users\velas\OneDrive\Documentos\pruebas-tecnicas\frontendDevTest\src\hooks\product\use-products-per-page.jsx">
        <metrics statements="23" coveredstatements="23" conditionals="8" coveredconditionals="8" methods="6" coveredmethods="6"/>
        <line num="3" count="1" type="stmt"/>
        <line num="4" count="1" type="stmt"/>
        <line num="5" count="1" type="stmt"/>
        <line num="7" count="1" type="stmt"/>
        <line num="8" count="10" type="cond" truecount="2" falsecount="0"/>
        <line num="9" count="5" type="cond" truecount="2" falsecount="0"/>
        <line num="10" count="3" type="stmt"/>
        <line num="13" count="1" type="stmt"/>
        <line num="20" count="10" type="stmt"/>
        <line num="21" count="10" type="stmt"/>
        <line num="23" count="10" type="stmt"/>
        <line num="28" count="10" type="stmt"/>
        <line num="31" count="1" type="cond" truecount="1" falsecount="0"/>
        <line num="36" count="19" type="stmt"/>
        <line num="38" count="19" type="stmt"/>
        <line num="39" count="9" type="stmt"/>
        <line num="40" count="10" type="stmt"/>
        <line num="48" count="10" type="stmt"/>
        <line num="51" count="9" type="stmt"/>
        <line num="52" count="9" type="stmt"/>
        <line num="54" count="9" type="stmt"/>
        <line num="55" count="9" type="stmt"/>
        <line num="59" count="19" type="stmt"/>
      </file>
    </package>
    <package name="src.pages.product">
      <metrics statements="17" coveredstatements="17" conditionals="2" coveredconditionals="2" methods="6" coveredmethods="6"/>
      <file name="product-page.jsx" path="C:\Users\velas\OneDrive\Documentos\pruebas-tecnicas\frontendDevTest\src\pages\product\product-page.jsx">
        <metrics statements="17" coveredstatements="17" conditionals="2" coveredconditionals="2" methods="6" coveredmethods="6"/>
        <line num="15" count="1" type="stmt"/>
        <line num="16" count="12" type="stmt"/>
        <line num="17" count="12" type="stmt"/>
        <line num="18" count="12" type="stmt"/>
        <line num="19" count="12" type="stmt"/>
        <line num="29" count="12" type="stmt"/>
        <line num="32" count="12" type="stmt"/>
        <line num="33" count="12" type="stmt"/>
        <line num="35" count="12" type="stmt"/>
        <line num="36" count="2" type="stmt"/>
        <line num="38" count="2" type="stmt"/>
        <line num="45" count="2" type="stmt"/>
        <line num="48" count="2" type="stmt"/>
        <line num="51" count="12" type="cond" truecount="2" falsecount="0"/>
        <line num="52" count="1" type="stmt"/>
        <line num="61" count="11" type="stmt"/>
        <line num="88" count="22" type="stmt"/>
      </file>
    </package>
    <package name="src.pages.search">
      <metrics statements="26" coveredstatements="26" conditionals="21" coveredconditionals="18" methods="8" coveredmethods="8"/>
      <file name="search-products-page.jsx" path="C:\Users\velas\OneDrive\Documentos\pruebas-tecnicas\frontendDevTest\src\pages\search\search-products-page.jsx">
        <metrics statements="26" coveredstatements="26" conditionals="21" coveredconditionals="18" methods="8" coveredmethods="8"/>
        <line num="9" count="1" type="stmt"/>
        <line num="10" count="22" type="stmt"/>
        <line num="11" count="22" type="cond" truecount="1" falsecount="0"/>
        <line num="13" count="22" type="stmt"/>
        <line num="14" count="15" type="stmt"/>
        <line num="17" count="22" type="stmt"/>
        <line num="23" count="22" type="stmt"/>
        <line num="24" count="22" type="stmt"/>
        <line num="26" count="22" type="cond" truecount="2" falsecount="0"/>
        <line num="28" count="6" type="stmt"/>
        <line num="29" count="18" type="cond" truecount="1" falsecount="1"/>
        <line num="30" count="18" type="cond" truecount="1" falsecount="1"/>
        <line num="32" count="18" type="cond" truecount="2" falsecount="0"/>
        <line num="36" count="22" type="stmt"/>
        <line num="39" count="22" type="cond" truecount="2" falsecount="0"/>
        <line num="41" count="22" type="stmt"/>
        <line num="42" count="22" type="stmt"/>
        <line num="43" count="22" type="stmt"/>
        <line num="45" count="22" type="stmt"/>
        <line num="48" count="22" type="stmt"/>
        <line num="49" count="7" type="stmt"/>
        <line num="50" count="7" type="cond" truecount="1" falsecount="1"/>
        <line num="52" count="7" type="stmt"/>
        <line num="53" count="7" type="stmt"/>
        <line num="57" count="22" type="stmt"/>
        <line num="106" count="32" type="stmt"/>
      </file>
    </package>
    <package name="src.routes">
      <metrics statements="1" coveredstatements="1" conditionals="0" coveredconditionals="0" methods="0" coveredmethods="0"/>
      <file name="app.router.jsx" path="C:\Users\velas\OneDrive\Documentos\pruebas-tecnicas\frontendDevTest\src\routes\app.router.jsx">
        <metrics statements="1" coveredstatements="1" conditionals="0" coveredconditionals="0" methods="0" coveredmethods="0"/>
        <line num="7" count="1" type="stmt"/>
      </file>
    </package>
    <package name="src.services.actions">
      <metrics statements="10" coveredstatements="10" conditionals="2" coveredconditionals="2" methods="3" coveredmethods="3"/>
      <file name="add-product-cart.js" path="C:\Users\velas\OneDrive\Documentos\pruebas-tecnicas\frontendDevTest\src\services\actions\add-product-cart.js">
        <metrics statements="4" coveredstatements="4" conditionals="2" coveredconditionals="2" methods="1" coveredmethods="1"/>
        <line num="4" count="1" type="stmt"/>
        <line num="5" count="3" type="cond" truecount="2" falsecount="0"/>
        <line num="7" count="2" type="stmt"/>
        <line num="9" count="2" type="stmt"/>
      </file>
      <file name="get-product-detail.js" path="C:\Users\velas\OneDrive\Documentos\pruebas-tecnicas\frontendDevTest\src\services\actions\get-product-detail.js">
        <metrics statements="3" coveredstatements="3" conditionals="0" coveredconditionals="0" methods="1" coveredmethods="1"/>
        <line num="3" count="1" type="stmt"/>
        <line num="4" count="2" type="stmt"/>
        <line num="6" count="2" type="stmt"/>
      </file>
      <file name="get-products.js" path="C:\Users\velas\OneDrive\Documentos\pruebas-tecnicas\frontendDevTest\src\services\actions\get-products.js">
        <metrics statements="3" coveredstatements="3" conditionals="0" coveredconditionals="0" methods="1" coveredmethods="1"/>
        <line num="3" count="1" type="stmt"/>
        <line num="4" count="2" type="stmt"/>
        <line num="6" count="2" type="stmt"/>
      </file>
    </package>
    <package name="src.services.api">
      <metrics statements="2" coveredstatements="2" conditionals="0" coveredconditionals="0" methods="0" coveredmethods="0"/>
      <file name="products.api.js" path="C:\Users\velas\OneDrive\Documentos\pruebas-tecnicas\frontendDevTest\src\services\api\products.api.js">
        <metrics statements="2" coveredstatements="2" conditionals="0" coveredconditionals="0" methods="0" coveredmethods="0"/>
        <line num="3" count="1" type="stmt"/>
        <line num="5" count="1" type="stmt"/>
      </file>
    </package>
    <package name="src.utils">
      <metrics statements="32" coveredstatements="32" conditionals="27" coveredconditionals="27" methods="8" coveredmethods="8"/>
      <file name="helper.js" path="C:\Users\velas\OneDrive\Documentos\pruebas-tecnicas\frontendDevTest\src\utils\helper.js">
        <metrics statements="18" coveredstatements="18" conditionals="7" coveredconditionals="7" methods="3" coveredmethods="3"/>
        <line num="1" count="1" type="stmt"/>
        <line num="12" count="1" type="stmt"/>
        <line num="14" count="3" type="stmt"/>
        <line num="19" count="3" type="stmt"/>
        <line num="23" count="5" type="stmt"/>
        <line num="25" count="5" type="cond" truecount="2" falsecount="0"/>
        <line num="27" count="4" type="stmt"/>
        <line num="28" count="4" type="stmt"/>
        <line num="31" count="4" type="cond" truecount="2" falsecount="0"/>
        <line num="32" count="1" type="stmt"/>
        <line num="33" count="1" type="stmt"/>
        <line num="37" count="2" type="cond" truecount="2" falsecount="0"/>
        <line num="38" count="1" type="stmt"/>
        <line num="39" count="1" type="stmt"/>
        <line num="42" count="1" type="stmt"/>
        <line num="44" count="1" type="stmt"/>
        <line num="45" count="1" type="stmt"/>
        <line num="50" count="1" type="stmt"/>
      </file>
      <file name="products.js" path="C:\Users\velas\OneDrive\Documentos\pruebas-tecnicas\frontendDevTest\src\utils\products.js">
        <metrics statements="14" coveredstatements="14" conditionals="20" coveredconditionals="20" methods="5" coveredmethods="5"/>
        <line num="2" count="3" type="stmt"/>
        <line num="6" count="11" type="stmt"/>
        <line num="7" count="14" type="stmt"/>
        <line num="9" count="14" type="cond" truecount="5" falsecount="0"/>
        <line num="10" count="5" type="stmt"/>
        <line num="14" count="6" type="stmt"/>
        <line num="18" count="192" type="cond" truecount="2" falsecount="0"/>
        <line num="19" count="7" type="cond" truecount="2" falsecount="0"/>
        <line num="22" count="185" type="cond" truecount="5" falsecount="0"/>
        <line num="23" count="156" type="stmt"/>
        <line num="26" count="29" type="stmt"/>
        <line num="30" count="3" type="cond" truecount="2" falsecount="0"/>
        <line num="31" count="2" type="cond" truecount="2" falsecount="0"/>
        <line num="34" count="1" type="stmt"/>
      </file>
    </package>
    <package name="src.utils.mapper.product">
      <metrics statements="6" coveredstatements="6" conditionals="8" coveredconditionals="8" methods="2" coveredmethods="2"/>
      <file name="product-detail.mapper.js" path="C:\Users\velas\OneDrive\Documentos\pruebas-tecnicas\frontendDevTest\src\utils\mapper\product\product-detail.mapper.js">
        <metrics statements="6" coveredstatements="6" conditionals="8" coveredconditionals="8" methods="2" coveredmethods="2"/>
        <line num="22" count="1" type="stmt"/>
        <line num="23" count="4" type="cond" truecount="2" falsecount="0"/>
        <line num="25" count="2" type="stmt"/>
        <line num="45" count="1" type="stmt"/>
        <line num="46" count="8" type="cond" truecount="2" falsecount="0"/>
        <line num="48" count="6" type="stmt"/>
      </file>
    </package>
  </project>
</coverage>
