{"C:\\Users\\velas\\OneDrive\\Documentos\\pruebas-tecnicas\\frontendDevTest\\src\\App.jsx": {"path":"C:\\Users\\velas\\OneDrive\\Documentos\\pruebas-tecnicas\\frontendDevTest\\src\\App.jsx","statementMap":{"0":{"start":{"line":9,"column":2},"end":{"line":13,"column":null}}},"fnMap":{"0":{"name":"App","decl":{"start":{"line":8,"column":9},"end":{"line":8,"column":15}},"loc":{"start":{"line":8,"column":15},"end":{"line":13,"column":null}},"line":8}},"branchMap":{},"s":{"0":3},"f":{"0":3},"b":{},"meta":{"lastBranch":0,"lastFunction":1,"lastStatement":1,"seen":{"f:8:9:8:15":0,"s:9:2:13:Infinity":0}}}
,"C:\\Users\\velas\\OneDrive\\Documentos\\pruebas-tecnicas\\frontendDevTest\\src\\components\\layout\\products-layout.jsx": {"path":"C:\\Users\\velas\\OneDrive\\Documentos\\pruebas-tecnicas\\frontendDevTest\\src\\components\\layout\\products-layout.jsx","statementMap":{"0":{"start":{"line":4,"column":6},"end":{"line":11,"column":null}},"1":{"start":{"line":5,"column":4},"end":{"line":11,"column":null}}},"fnMap":{"0":{"name":"(anonymous_0)","decl":{"start":{"line":4,"column":6},"end":{"line":4,"column":29}},"loc":{"start":{"line":4,"column":29},"end":{"line":11,"column":null}},"line":4}},"branchMap":{},"s":{"0":1,"1":3},"f":{"0":3},"b":{},"meta":{"lastBranch":0,"lastFunction":1,"lastStatement":2,"seen":{"s:4:6:11:Infinity":0,"f:4:6:4:29":0,"s:5:4:11:Infinity":1}}}
,"C:\\Users\\velas\\OneDrive\\Documentos\\pruebas-tecnicas\\frontendDevTest\\src\\components\\pagination\\custom-pagination.jsx": {"path":"C:\\Users\\velas\\OneDrive\\Documentos\\pruebas-tecnicas\\frontendDevTest\\src\\components\\pagination\\custom-pagination.jsx","statementMap":{"0":{"start":{"line":3,"column":6},"end":{"line":5,"column":null}},"1":{"start":{"line":4,"column":19},"end":{"line":4,"column":null}},"2":{"start":{"line":5,"column":4},"end":{"line":5,"column":null}},"3":{"start":{"line":5,"column":46},"end":{"line":5,"column":58}},"4":{"start":{"line":8,"column":6},"end":{"line":101,"column":null}},"5":{"start":{"line":9,"column":27},"end":{"line":9,"column":null}},"6":{"start":{"line":10,"column":24},"end":{"line":10,"column":54}},"7":{"start":{"line":12,"column":20},"end":{"line":12,"column":58}},"8":{"start":{"line":13,"column":18},"end":{"line":13,"column":70}},"9":{"start":{"line":15,"column":4},"end":{"line":16,"column":null}},"10":{"start":{"line":16,"column":8},"end":{"line":16,"column":null}},"11":{"start":{"line":19,"column":25},"end":{"line":19,"column":50}},"12":{"start":{"line":21,"column":4},"end":{"line":101,"column":null}},"13":{"start":{"line":26,"column":35},"end":{"line":26,"column":64}},"14":{"start":{"line":38,"column":47},"end":{"line":38,"column":62}},"15":{"start":{"line":51,"column":24},"end":{"line":70,"column":null}},"16":{"start":{"line":54,"column":43},"end":{"line":54,"column":61}},"17":{"start":{"line":79,"column":47},"end":{"line":79,"column":71}},"18":{"start":{"line":92,"column":35},"end":{"line":92,"column":64}}},"fnMap":{"0":{"name":"(anonymous_0)","decl":{"start":{"line":3,"column":6},"end":{"line":3,"column":15}},"loc":{"start":{"line":3,"column":30},"end":{"line":5,"column":null}},"line":3},"1":{"name":"(anonymous_1)","decl":{"start":{"line":5,"column":32},"end":{"line":5,"column":35}},"loc":{"start":{"line":5,"column":46},"end":{"line":5,"column":58}},"line":5},"2":{"name":"(anonymous_2)","decl":{"start":{"line":8,"column":6},"end":{"line":8,"column":26}},"loc":{"start":{"line":8,"column":72},"end":{"line":101,"column":null}},"line":8},"3":{"name":"(anonymous_3)","decl":{"start":{"line":26,"column":20},"end":{"line":26,"column":35}},"loc":{"start":{"line":26,"column":35},"end":{"line":26,"column":64}},"line":26},"4":{"name":"(anonymous_4)","decl":{"start":{"line":38,"column":32},"end":{"line":38,"column":47}},"loc":{"start":{"line":38,"column":47},"end":{"line":38,"column":62}},"line":38},"5":{"name":"(anonymous_5)","decl":{"start":{"line":50,"column":34},"end":{"line":50,"column":39}},"loc":{"start":{"line":51,"column":24},"end":{"line":70,"column":null}},"line":51},"6":{"name":"(anonymous_6)","decl":{"start":{"line":54,"column":28},"end":{"line":54,"column":43}},"loc":{"start":{"line":54,"column":43},"end":{"line":54,"column":61}},"line":54},"7":{"name":"(anonymous_7)","decl":{"start":{"line":79,"column":32},"end":{"line":79,"column":47}},"loc":{"start":{"line":79,"column":47},"end":{"line":79,"column":71}},"line":79},"8":{"name":"(anonymous_8)","decl":{"start":{"line":92,"column":20},"end":{"line":92,"column":35}},"loc":{"start":{"line":92,"column":35},"end":{"line":92,"column":64}},"line":92}},"branchMap":{"0":{"loc":{"start":{"line":15,"column":4},"end":{"line":16,"column":null}},"type":"if","locations":[{"start":{"line":15,"column":4},"end":{"line":16,"column":null}},{"start":{},"end":{}}],"line":15},"1":{"loc":{"start":{"line":34,"column":21},"end":{"line":47,"column":null}},"type":"binary-expr","locations":[{"start":{"line":34,"column":21},"end":{"line":34,"column":null}},{"start":{"line":35,"column":24},"end":{"line":47,"column":null}}],"line":34},"2":{"loc":{"start":{"line":46,"column":29},"end":{"line":47,"column":null}},"type":"binary-expr","locations":[{"start":{"line":46,"column":29},"end":{"line":46,"column":46}},{"start":{"line":46,"column":46},"end":{"line":47,"column":null}}],"line":46},"3":{"loc":{"start":{"line":56,"column":38},"end":{"line":58,"column":null}},"type":"cond-expr","locations":[{"start":{"line":57,"column":38},"end":{"line":57,"column":null}},{"start":{"line":58,"column":38},"end":{"line":58,"column":null}}],"line":56},"4":{"loc":{"start":{"line":63,"column":42},"end":{"line":65,"column":null}},"type":"cond-expr","locations":[{"start":{"line":64,"column":42},"end":{"line":64,"column":null}},{"start":{"line":65,"column":42},"end":{"line":65,"column":null}}],"line":63},"5":{"loc":{"start":{"line":73,"column":21},"end":{"line":86,"column":null}},"type":"binary-expr","locations":[{"start":{"line":73,"column":21},"end":{"line":73,"column":null}},{"start":{"line":74,"column":24},"end":{"line":86,"column":null}}],"line":73},"6":{"loc":{"start":{"line":75,"column":29},"end":{"line":77,"column":29}},"type":"binary-expr","locations":[{"start":{"line":75,"column":29},"end":{"line":75,"column":57}},{"start":{"line":75,"column":57},"end":{"line":77,"column":29}}],"line":75}},"s":{"0":1,"1":10,"2":10,"3":60,"4":1,"5":10,"6":10,"7":10,"8":10,"9":10,"10":5,"11":10,"12":10,"13":1,"14":1,"15":60,"16":1,"17":1,"18":1},"f":{"0":10,"1":60,"2":10,"3":1,"4":1,"5":60,"6":1,"7":1,"8":1},"b":{"0":[5,5],"1":[10,4],"2":[4,0],"3":[10,50],"4":[10,50],"5":[10,5],"6":[5,5]},"meta":{"lastBranch":7,"lastFunction":9,"lastStatement":19,"seen":{"s:3:6:5:Infinity":0,"f:3:6:3:15":0,"s:4:19:4:Infinity":1,"s:5:4:5:Infinity":2,"f:5:32:5:35":1,"s:5:46:5:58":3,"s:8:6:101:Infinity":4,"f:8:6:8:26":2,"s:9:27:9:Infinity":5,"s:10:24:10:54":6,"s:12:20:12:58":7,"s:13:18:13:70":8,"b:15:4:16:Infinity:undefined:undefined:undefined:undefined":0,"s:15:4:16:Infinity":9,"s:16:8:16:Infinity":10,"s:19:25:19:50":11,"s:21:4:101:Infinity":12,"f:26:20:26:35":3,"s:26:35:26:64":13,"b:34:21:34:Infinity:35:24:47:Infinity":1,"f:38:32:38:47":4,"s:38:47:38:62":14,"b:46:29:46:46:46:46:47:Infinity":2,"f:50:34:50:39":5,"s:51:24:70:Infinity":15,"f:54:28:54:43":6,"s:54:43:54:61":16,"b:57:38:57:Infinity:58:38:58:Infinity":3,"b:64:42:64:Infinity:65:42:65:Infinity":4,"b:73:21:73:Infinity:74:24:86:Infinity":5,"b:75:29:75:57:75:57:77:29":6,"f:79:32:79:47":7,"s:79:47:79:71":17,"f:92:20:92:35":8,"s:92:35:92:64":18}}}
,"C:\\Users\\velas\\OneDrive\\Documentos\\pruebas-tecnicas\\frontendDevTest\\src\\components\\products\\product-card\\product-card.jsx": {"path":"C:\\Users\\velas\\OneDrive\\Documentos\\pruebas-tecnicas\\frontendDevTest\\src\\components\\products\\product-card\\product-card.jsx","statementMap":{"0":{"start":{"line":3,"column":6},"end":{"line":33,"column":null}},"1":{"start":{"line":4,"column":4},"end":{"line":33,"column":null}}},"fnMap":{"0":{"name":"(anonymous_0)","decl":{"start":{"line":3,"column":6},"end":{"line":3,"column":21}},"loc":{"start":{"line":3,"column":37},"end":{"line":33,"column":null}},"line":3}},"branchMap":{},"s":{"0":1,"1":3},"f":{"0":3},"b":{},"meta":{"lastBranch":0,"lastFunction":1,"lastStatement":2,"seen":{"s:3:6:33:Infinity":0,"f:3:6:3:21":0,"s:4:4:33:Infinity":1}}}
,"C:\\Users\\velas\\OneDrive\\Documentos\\pruebas-tecnicas\\frontendDevTest\\src\\components\\products\\product-detail\\product-detail-card.jsx": {"path":"C:\\Users\\velas\\OneDrive\\Documentos\\pruebas-tecnicas\\frontendDevTest\\src\\components\\products\\product-detail\\product-detail-card.jsx","statementMap":{"0":{"start":{"line":1,"column":6},"end":{"line":19,"column":null}},"1":{"start":{"line":2,"column":4},"end":{"line":19,"column":null}}},"fnMap":{"0":{"name":"(anonymous_0)","decl":{"start":{"line":1,"column":6},"end":{"line":1,"column":27}},"loc":{"start":{"line":2,"column":4},"end":{"line":19,"column":null}},"line":2}},"branchMap":{"0":{"loc":{"start":{"line":4,"column":13},"end":{"line":10,"column":13}},"type":"binary-expr","locations":[{"start":{"line":4,"column":13},"end":{"line":4,"column":null}},{"start":{"line":5,"column":16},"end":{"line":10,"column":13}}],"line":4},"1":{"loc":{"start":{"line":15,"column":21},"end":{"line":15,"column":null}},"type":"binary-expr","locations":[{"start":{"line":15,"column":21},"end":{"line":15,"column":30}},{"start":{"line":15,"column":30},"end":{"line":15,"column":null}}],"line":15}},"s":{"0":1,"1":4},"f":{"0":4},"b":{"0":[4,1],"1":[4,1]},"meta":{"lastBranch":2,"lastFunction":1,"lastStatement":2,"seen":{"s:1:6:19:Infinity":0,"f:1:6:1:27":0,"s:2:4:19:Infinity":1,"b:4:13:4:Infinity:5:16:10:13":0,"b:15:21:15:30:15:30:15:Infinity":1}}}
,"C:\\Users\\velas\\OneDrive\\Documentos\\pruebas-tecnicas\\frontendDevTest\\src\\components\\products\\product-detail\\product-detail-grid-section.jsx": {"path":"C:\\Users\\velas\\OneDrive\\Documentos\\pruebas-tecnicas\\frontendDevTest\\src\\components\\products\\product-detail\\product-detail-grid-section.jsx","statementMap":{"0":{"start":{"line":4,"column":6},"end":{"line":17,"column":null}},"1":{"start":{"line":5,"column":4},"end":{"line":17,"column":null}},"2":{"start":{"line":9,"column":20},"end":{"line":14,"column":null}}},"fnMap":{"0":{"name":"(anonymous_0)","decl":{"start":{"line":4,"column":6},"end":{"line":4,"column":34}},"loc":{"start":{"line":4,"column":55},"end":{"line":17,"column":null}},"line":4},"1":{"name":"(anonymous_1)","decl":{"start":{"line":8,"column":23},"end":{"line":8,"column":28}},"loc":{"start":{"line":9,"column":20},"end":{"line":14,"column":null}},"line":9}},"branchMap":{},"s":{"0":1,"1":3,"2":3},"f":{"0":3,"1":3},"b":{},"meta":{"lastBranch":0,"lastFunction":2,"lastStatement":3,"seen":{"s:4:6:17:Infinity":0,"f:4:6:4:34":0,"s:5:4:17:Infinity":1,"f:8:23:8:28":1,"s:9:20:14:Infinity":2}}}
,"C:\\Users\\velas\\OneDrive\\Documentos\\pruebas-tecnicas\\frontendDevTest\\src\\components\\products\\product-detail\\product-detail-hero.jsx": {"path":"C:\\Users\\velas\\OneDrive\\Documentos\\pruebas-tecnicas\\frontendDevTest\\src\\components\\products\\product-detail\\product-detail-hero.jsx","statementMap":{"0":{"start":{"line":1,"column":6},"end":{"line":45,"column":null}},"1":{"start":{"line":2,"column":4},"end":{"line":45,"column":null}},"2":{"start":{"line":33,"column":24},"end":{"line":43,"column":null}}},"fnMap":{"0":{"name":"(anonymous_0)","decl":{"start":{"line":1,"column":6},"end":{"line":1,"column":27}},"loc":{"start":{"line":1,"column":56},"end":{"line":45,"column":null}},"line":1},"1":{"name":"(anonymous_1)","decl":{"start":{"line":32,"column":33},"end":{"line":32,"column":38}},"loc":{"start":{"line":33,"column":24},"end":{"line":43,"column":null}},"line":33}},"branchMap":{},"s":{"0":1,"1":4,"2":8},"f":{"0":4,"1":8},"b":{},"meta":{"lastBranch":0,"lastFunction":2,"lastStatement":3,"seen":{"s:1:6:45:Infinity":0,"f:1:6:1:27":0,"s:2:4:45:Infinity":1,"f:32:33:32:38":1,"s:33:24:43:Infinity":2}}}
,"C:\\Users\\velas\\OneDrive\\Documentos\\pruebas-tecnicas\\frontendDevTest\\src\\components\\products\\product-detail\\product-detail-section-card.jsx": {"path":"C:\\Users\\velas\\OneDrive\\Documentos\\pruebas-tecnicas\\frontendDevTest\\src\\components\\products\\product-detail\\product-detail-section-card.jsx","statementMap":{"0":{"start":{"line":1,"column":6},"end":{"line":4,"column":null}},"1":{"start":{"line":2,"column":4},"end":{"line":4,"column":null}}},"fnMap":{"0":{"name":"(anonymous_0)","decl":{"start":{"line":1,"column":6},"end":{"line":1,"column":34}},"loc":{"start":{"line":2,"column":4},"end":{"line":4,"column":null}},"line":2}},"branchMap":{},"s":{"0":1,"1":1},"f":{"0":1},"b":{},"meta":{"lastBranch":0,"lastFunction":1,"lastStatement":2,"seen":{"s:1:6:4:Infinity":0,"f:1:6:1:34":0,"s:2:4:4:Infinity":1}}}
,"C:\\Users\\velas\\OneDrive\\Documentos\\pruebas-tecnicas\\frontendDevTest\\src\\components\\products\\product-detail\\product-page-state.jsx": {"path":"C:\\Users\\velas\\OneDrive\\Documentos\\pruebas-tecnicas\\frontendDevTest\\src\\components\\products\\product-detail\\product-page-state.jsx","statementMap":{"0":{"start":{"line":4,"column":6},"end":{"line":20,"column":null}},"1":{"start":{"line":5,"column":4},"end":{"line":20,"column":null}}},"fnMap":{"0":{"name":"(anonymous_0)","decl":{"start":{"line":4,"column":6},"end":{"line":4,"column":26}},"loc":{"start":{"line":4,"column":74},"end":{"line":20,"column":null}},"line":4}},"branchMap":{"0":{"loc":{"start":{"line":4,"column":48},"end":{"line":4,"column":74}},"type":"default-arg","locations":[{"start":{"line":4,"column":62},"end":{"line":4,"column":74}}],"line":4},"1":{"loc":{"start":{"line":10,"column":17},"end":{"line":14,"column":null}},"type":"binary-expr","locations":[{"start":{"line":10,"column":17},"end":{"line":10,"column":null}},{"start":{"line":11,"column":20},"end":{"line":14,"column":null}}],"line":10},"2":{"loc":{"start":{"line":17,"column":17},"end":{"line":20,"column":null}},"type":"binary-expr","locations":[{"start":{"line":17,"column":17},"end":{"line":17,"column":null}},{"start":{"line":18,"column":20},"end":{"line":20,"column":null}}],"line":17}},"s":{"0":1,"1":4},"f":{"0":4},"b":{"0":[4],"1":[4,2],"2":[4,2]},"meta":{"lastBranch":3,"lastFunction":1,"lastStatement":2,"seen":{"s:4:6:20:Infinity":0,"f:4:6:4:26":0,"b:4:62:4:74":0,"s:5:4:20:Infinity":1,"b:10:17:10:Infinity:11:20:14:Infinity":1,"b:17:17:17:Infinity:18:20:20:Infinity":2}}}
,"C:\\Users\\velas\\OneDrive\\Documentos\\pruebas-tecnicas\\frontendDevTest\\src\\components\\products\\product-detail\\product-purchase-panel.jsx": {"path":"C:\\Users\\velas\\OneDrive\\Documentos\\pruebas-tecnicas\\frontendDevTest\\src\\components\\products\\product-detail\\product-purchase-panel.jsx","statementMap":{"0":{"start":{"line":5,"column":6},"end":{"line":97,"column":null}},"1":{"start":{"line":17,"column":4},"end":{"line":97,"column":null}},"2":{"start":{"line":28,"column":32},"end":{"line":28,"column":null}},"3":{"start":{"line":30,"column":28},"end":{"line":41,"column":null}},"4":{"start":{"line":34,"column":51},"end":{"line":34,"column":88}},"5":{"start":{"line":55,"column":32},"end":{"line":55,"column":null}},"6":{"start":{"line":57,"column":28},"end":{"line":69,"column":null}},"7":{"start":{"line":61,"column":51},"end":{"line":61,"column":84}}},"fnMap":{"0":{"name":"(anonymous_0)","decl":{"start":{"line":5,"column":6},"end":{"line":5,"column":30}},"loc":{"start":{"line":16,"column":6},"end":{"line":97,"column":null}},"line":16},"1":{"name":"(anonymous_1)","decl":{"start":{"line":26,"column":40},"end":{"line":26,"column":45}},"loc":{"start":{"line":26,"column":57},"end":{"line":41,"column":null}},"line":26},"2":{"name":"(anonymous_2)","decl":{"start":{"line":34,"column":36},"end":{"line":34,"column":51}},"loc":{"start":{"line":34,"column":51},"end":{"line":34,"column":88}},"line":34},"3":{"name":"(anonymous_3)","decl":{"start":{"line":53,"column":38},"end":{"line":53,"column":43}},"loc":{"start":{"line":53,"column":53},"end":{"line":69,"column":null}},"line":53},"4":{"name":"(anonymous_4)","decl":{"start":{"line":61,"column":36},"end":{"line":61,"column":51}},"loc":{"start":{"line":61,"column":51},"end":{"line":61,"column":84}},"line":61}},"branchMap":{"0":{"loc":{"start":{"line":35,"column":110},"end":{"line":37,"column":null}},"type":"cond-expr","locations":[{"start":{"line":36,"column":46},"end":{"line":36,"column":null}},{"start":{"line":37,"column":46},"end":{"line":37,"column":null}}],"line":35},"1":{"loc":{"start":{"line":62,"column":141},"end":{"line":64,"column":null}},"type":"cond-expr","locations":[{"start":{"line":63,"column":46},"end":{"line":63,"column":null}},{"start":{"line":64,"column":46},"end":{"line":64,"column":null}}],"line":62},"2":{"loc":{"start":{"line":67,"column":37},"end":{"line":68,"column":43}},"type":"binary-expr","locations":[{"start":{"line":67,"column":37},"end":{"line":67,"column":51}},{"start":{"line":67,"column":51},"end":{"line":68,"column":43}}],"line":67},"3":{"loc":{"start":{"line":90,"column":21},"end":{"line":93,"column":null}},"type":"cond-expr","locations":[{"start":{"line":91,"column":24},"end":{"line":93,"column":null}},{"start":{"line":93,"column":24},"end":{"line":93,"column":null}}],"line":90}},"s":{"0":1,"1":7,"2":14,"3":14,"4":1,"5":14,"6":14,"7":1},"f":{"0":7,"1":14,"2":1,"3":14,"4":1},"b":{"0":[7,7],"1":[7,7],"2":[14,7],"3":[1,6]},"meta":{"lastBranch":4,"lastFunction":5,"lastStatement":8,"seen":{"s:5:6:97:Infinity":0,"f:5:6:5:30":0,"s:17:4:97:Infinity":1,"f:26:40:26:45":1,"s:28:32:28:Infinity":2,"s:30:28:41:Infinity":3,"f:34:36:34:51":2,"s:34:51:34:88":4,"b:36:46:36:Infinity:37:46:37:Infinity":0,"f:53:38:53:43":3,"s:55:32:55:Infinity":5,"s:57:28:69:Infinity":6,"f:61:36:61:51":4,"s:61:51:61:84":7,"b:63:46:63:Infinity:64:46:64:Infinity":1,"b:67:37:67:51:67:51:68:43":2,"b:91:24:93:Infinity:93:24:93:Infinity":3}}}
,"C:\\Users\\velas\\OneDrive\\Documentos\\pruebas-tecnicas\\frontendDevTest\\src\\components\\products\\products-header\\products-header.jsx": {"path":"C:\\Users\\velas\\OneDrive\\Documentos\\pruebas-tecnicas\\frontendDevTest\\src\\components\\products\\products-header\\products-header.jsx","statementMap":{"0":{"start":{"line":6,"column":6},"end":{"line":58,"column":null}},"1":{"start":{"line":7,"column":25},"end":{"line":7,"column":52}},"2":{"start":{"line":8,"column":8},"end":{"line":8,"column":32}},"3":{"start":{"line":9,"column":10},"end":{"line":9,"column":35}},"4":{"start":{"line":11,"column":8},"end":{"line":20,"column":46}},"5":{"start":{"line":12,"column":4},"end":{"line":12,"column":null}},"6":{"start":{"line":12,"column":35},"end":{"line":12,"column":null}},"7":{"start":{"line":13,"column":4},"end":{"line":13,"column":null}},"8":{"start":{"line":13,"column":40},"end":{"line":13,"column":null}},"9":{"start":{"line":15,"column":20},"end":{"line":15,"column":76}},"10":{"start":{"line":15,"column":41},"end":{"line":15,"column":75}},"11":{"start":{"line":17,"column":4},"end":{"line":17,"column":null}},"12":{"start":{"line":17,"column":18},"end":{"line":17,"column":null}},"13":{"start":{"line":19,"column":4},"end":{"line":19,"column":null}},"14":{"start":{"line":22,"column":2},"end":{"line":58,"column":null}}},"fnMap":{"0":{"name":"(anonymous_0)","decl":{"start":{"line":6,"column":6},"end":{"line":6,"column":29}},"loc":{"start":{"line":6,"column":29},"end":{"line":58,"column":null}},"line":6},"1":{"name":"(anonymous_1)","decl":{"start":{"line":11,"column":21},"end":{"line":11,"column":35}},"loc":{"start":{"line":11,"column":35},"end":{"line":20,"column":6}},"line":11},"2":{"name":"(anonymous_2)","decl":{"start":{"line":15,"column":29},"end":{"line":15,"column":35}},"loc":{"start":{"line":15,"column":41},"end":{"line":15,"column":75}},"line":15}},"branchMap":{"0":{"loc":{"start":{"line":7,"column":10},"end":{"line":7,"column":23}},"type":"default-arg","locations":[{"start":{"line":7,"column":21},"end":{"line":7,"column":23}}],"line":7},"1":{"loc":{"start":{"line":12,"column":4},"end":{"line":12,"column":null}},"type":"if","locations":[{"start":{"line":12,"column":4},"end":{"line":12,"column":null}},{"start":{},"end":{}}],"line":12},"2":{"loc":{"start":{"line":13,"column":4},"end":{"line":13,"column":null}},"type":"if","locations":[{"start":{"line":13,"column":4},"end":{"line":13,"column":null}},{"start":{},"end":{}}],"line":13},"3":{"loc":{"start":{"line":13,"column":8},"end":{"line":13,"column":40}},"type":"binary-expr","locations":[{"start":{"line":13,"column":8},"end":{"line":13,"column":22}},{"start":{"line":13,"column":22},"end":{"line":13,"column":40}}],"line":13},"4":{"loc":{"start":{"line":17,"column":4},"end":{"line":17,"column":null}},"type":"if","locations":[{"start":{"line":17,"column":4},"end":{"line":17,"column":null}},{"start":{},"end":{}}],"line":17},"5":{"loc":{"start":{"line":36,"column":13},"end":{"line":40,"column":null}},"type":"binary-expr","locations":[{"start":{"line":36,"column":13},"end":{"line":36,"column":null}},{"start":{"line":37,"column":14},"end":{"line":40,"column":null}}],"line":36},"6":{"loc":{"start":{"line":50,"column":11},"end":{"line":53,"column":null}},"type":"binary-expr","locations":[{"start":{"line":50,"column":11},"end":{"line":50,"column":null}},{"start":{"line":51,"column":12},"end":{"line":53,"column":null}}],"line":50}},"s":{"0":1,"1":8,"2":8,"3":8,"4":8,"5":8,"6":4,"7":4,"8":2,"9":2,"10":2,"11":2,"12":1,"13":1,"14":8},"f":{"0":8,"1":8,"2":2},"b":{"0":[8],"1":[4,4],"2":[2,2],"3":[4,3],"4":[1,1],"5":[8,1],"6":[8,1]},"meta":{"lastBranch":7,"lastFunction":3,"lastStatement":15,"seen":{"s:6:6:58:Infinity":0,"f:6:6:6:29":0,"s:7:25:7:52":1,"b:7:21:7:23":0,"s:8:8:8:32":2,"s:9:10:9:35":3,"s:11:8:20:46":4,"f:11:21:11:35":1,"b:12:4:12:Infinity:undefined:undefined:undefined:undefined":1,"s:12:4:12:Infinity":5,"s:12:35:12:Infinity":6,"b:13:4:13:Infinity:undefined:undefined:undefined:undefined":2,"s:13:4:13:Infinity":7,"b:13:8:13:22:13:22:13:40":3,"s:13:40:13:Infinity":8,"s:15:20:15:76":9,"f:15:29:15:35":2,"s:15:41:15:75":10,"b:17:4:17:Infinity:undefined:undefined:undefined:undefined":4,"s:17:4:17:Infinity":11,"s:17:18:17:Infinity":12,"s:19:4:19:Infinity":13,"s:22:2:58:Infinity":14,"b:36:13:36:Infinity:37:14:40:Infinity":5,"b:50:11:50:Infinity:51:12:53:Infinity":6}}}
,"C:\\Users\\velas\\OneDrive\\Documentos\\pruebas-tecnicas\\frontendDevTest\\src\\components\\search\\search-bar.jsx": {"path":"C:\\Users\\velas\\OneDrive\\Documentos\\pruebas-tecnicas\\frontendDevTest\\src\\components\\search\\search-bar.jsx","statementMap":{"0":{"start":{"line":4,"column":6},"end":{"line":66,"column":null}},"1":{"start":{"line":10,"column":18},"end":{"line":10,"column":42}},"2":{"start":{"line":11,"column":10},"end":{"line":11,"column":35}},"3":{"start":{"line":12,"column":10},"end":{"line":12,"column":38}},"4":{"start":{"line":14,"column":4},"end":{"line":25,"column":null}},"5":{"start":{"line":15,"column":8},"end":{"line":17,"column":null}},"6":{"start":{"line":16,"column":12},"end":{"line":16,"column":null}},"7":{"start":{"line":17,"column":12},"end":{"line":17,"column":null}},"8":{"start":{"line":20,"column":8},"end":{"line":22,"column":null}},"9":{"start":{"line":21,"column":12},"end":{"line":21,"column":null}},"10":{"start":{"line":24,"column":8},"end":{"line":24,"column":null}},"11":{"start":{"line":24,"column":21},"end":{"line":24,"column":53}},"12":{"start":{"line":27,"column":10},"end":{"line":28,"column":null}},"13":{"start":{"line":28,"column":8},"end":{"line":28,"column":null}},"14":{"start":{"line":31,"column":10},"end":{"line":34,"column":null}},"15":{"start":{"line":32,"column":8},"end":{"line":34,"column":null}},"16":{"start":{"line":33,"column":12},"end":{"line":33,"column":null}},"17":{"start":{"line":34,"column":12},"end":{"line":34,"column":null}},"18":{"start":{"line":38,"column":4},"end":{"line":66,"column":null}}},"fnMap":{"0":{"name":"(anonymous_0)","decl":{"start":{"line":4,"column":6},"end":{"line":4,"column":19}},"loc":{"start":{"line":9,"column":6},"end":{"line":66,"column":null}},"line":9},"1":{"name":"(anonymous_1)","decl":{"start":{"line":14,"column":4},"end":{"line":14,"column":20}},"loc":{"start":{"line":14,"column":20},"end":{"line":25,"column":8}},"line":14},"2":{"name":"(anonymous_2)","decl":{"start":{"line":20,"column":29},"end":{"line":20,"column":46}},"loc":{"start":{"line":20,"column":46},"end":{"line":22,"column":17}},"line":20},"3":{"name":"(anonymous_3)","decl":{"start":{"line":24,"column":8},"end":{"line":24,"column":21}},"loc":{"start":{"line":24,"column":21},"end":{"line":24,"column":53}},"line":24},"4":{"name":"(anonymous_4)","decl":{"start":{"line":27,"column":10},"end":{"line":27,"column":26}},"loc":{"start":{"line":27,"column":36},"end":{"line":28,"column":null}},"line":27},"5":{"name":"(anonymous_5)","decl":{"start":{"line":31,"column":10},"end":{"line":31,"column":27}},"loc":{"start":{"line":31,"column":37},"end":{"line":34,"column":null}},"line":31}},"branchMap":{"0":{"loc":{"start":{"line":5,"column":4},"end":{"line":5,"column":null}},"type":"default-arg","locations":[{"start":{"line":5,"column":18},"end":{"line":5,"column":null}}],"line":5},"1":{"loc":{"start":{"line":6,"column":4},"end":{"line":6,"column":null}},"type":"default-arg","locations":[{"start":{"line":6,"column":12},"end":{"line":6,"column":null}}],"line":6},"2":{"loc":{"start":{"line":8,"column":4},"end":{"line":8,"column":null}},"type":"default-arg","locations":[{"start":{"line":8,"column":16},"end":{"line":8,"column":null}}],"line":8},"3":{"loc":{"start":{"line":15,"column":8},"end":{"line":17,"column":null}},"type":"if","locations":[{"start":{"line":15,"column":8},"end":{"line":17,"column":null}},{"start":{},"end":{}}],"line":15},"4":{"loc":{"start":{"line":32,"column":8},"end":{"line":34,"column":null}},"type":"if","locations":[{"start":{"line":32,"column":8},"end":{"line":34,"column":null}},{"start":{},"end":{}}],"line":32}},"s":{"0":1,"1":13,"2":13,"3":13,"4":13,"5":13,"6":8,"7":8,"8":5,"9":3,"10":5,"11":5,"12":13,"13":5,"14":13,"15":2,"16":1,"17":1,"18":13},"f":{"0":13,"1":13,"2":3,"3":5,"4":5,"5":2},"b":{"0":[13],"1":[13],"2":[13],"3":[8,5],"4":[1,1]},"meta":{"lastBranch":5,"lastFunction":6,"lastStatement":19,"seen":{"s:4:6:66:Infinity":0,"f:4:6:4:19":0,"b:5:18:5:Infinity":0,"b:6:12:6:Infinity":1,"b:8:16:8:Infinity":2,"s:10:18:10:42":1,"s:11:10:11:35":2,"s:12:10:12:38":3,"s:14:4:25:Infinity":4,"f:14:4:14:20":1,"b:15:8:17:Infinity:undefined:undefined:undefined:undefined":3,"s:15:8:17:Infinity":5,"s:16:12:16:Infinity":6,"s:17:12:17:Infinity":7,"s:20:8:22:Infinity":8,"f:20:29:20:46":2,"s:21:12:21:Infinity":9,"s:24:8:24:Infinity":10,"f:24:8:24:21":3,"s:24:21:24:53":11,"s:27:10:28:Infinity":12,"f:27:10:27:26":4,"s:28:8:28:Infinity":13,"s:31:10:34:Infinity":14,"f:31:10:31:27":5,"b:32:8:34:Infinity:undefined:undefined:undefined:undefined":4,"s:32:8:34:Infinity":15,"s:33:12:33:Infinity":16,"s:34:12:34:Infinity":17,"s:38:4:66:Infinity":18}}}
,"C:\\Users\\velas\\OneDrive\\Documentos\\pruebas-tecnicas\\frontendDevTest\\src\\components\\ui\\back-to-link\\back-to-link.jsx": {"path":"C:\\Users\\velas\\OneDrive\\Documentos\\pruebas-tecnicas\\frontendDevTest\\src\\components\\ui\\back-to-link\\back-to-link.jsx","statementMap":{"0":{"start":{"line":4,"column":6},"end":{"line":11,"column":null}},"1":{"start":{"line":5,"column":4},"end":{"line":11,"column":null}}},"fnMap":{"0":{"name":"(anonymous_0)","decl":{"start":{"line":4,"column":6},"end":{"line":4,"column":20}},"loc":{"start":{"line":4,"column":39},"end":{"line":11,"column":null}},"line":4}},"branchMap":{},"s":{"0":1,"1":1},"f":{"0":1},"b":{},"meta":{"lastBranch":0,"lastFunction":1,"lastStatement":2,"seen":{"s:4:6:11:Infinity":0,"f:4:6:4:20":0,"s:5:4:11:Infinity":1}}}
,"C:\\Users\\velas\\OneDrive\\Documentos\\pruebas-tecnicas\\frontendDevTest\\src\\components\\ui\\spinner\\spinner.jsx": {"path":"C:\\Users\\velas\\OneDrive\\Documentos\\pruebas-tecnicas\\frontendDevTest\\src\\components\\ui\\spinner\\spinner.jsx","statementMap":{"0":{"start":{"line":1,"column":6},"end":{"line":10,"column":null}},"1":{"start":{"line":6,"column":4},"end":{"line":10,"column":null}}},"fnMap":{"0":{"name":"(anonymous_0)","decl":{"start":{"line":1,"column":6},"end":{"line":1,"column":17}},"loc":{"start":{"line":5,"column":6},"end":{"line":10,"column":null}},"line":5}},"branchMap":{"0":{"loc":{"start":{"line":2,"column":4},"end":{"line":2,"column":null}},"type":"default-arg","locations":[{"start":{"line":2,"column":11},"end":{"line":2,"column":null}}],"line":2},"1":{"loc":{"start":{"line":3,"column":4},"end":{"line":3,"column":null}},"type":"default-arg","locations":[{"start":{"line":3,"column":12},"end":{"line":3,"column":null}}],"line":3},"2":{"loc":{"start":{"line":4,"column":4},"end":{"line":4,"column":null}},"type":"default-arg","locations":[{"start":{"line":4,"column":16},"end":{"line":4,"column":null}}],"line":4}},"s":{"0":1,"1":3},"f":{"0":3},"b":{"0":[3],"1":[3],"2":[3]},"meta":{"lastBranch":3,"lastFunction":1,"lastStatement":2,"seen":{"s:1:6:10:Infinity":0,"f:1:6:1:17":0,"b:2:11:2:Infinity":0,"b:3:12:3:Infinity":1,"b:4:16:4:Infinity":2,"s:6:4:10:Infinity":1}}}
,"C:\\Users\\velas\\OneDrive\\Documentos\\pruebas-tecnicas\\frontendDevTest\\src\\context\\products-context-provider.jsx": {"path":"C:\\Users\\velas\\OneDrive\\Documentos\\pruebas-tecnicas\\frontendDevTest\\src\\context\\products-context-provider.jsx","statementMap":{"0":{"start":{"line":10,"column":6},"end":{"line":22,"column":null}},"1":{"start":{"line":11,"column":27},"end":{"line":11,"column":76}},"2":{"start":{"line":13,"column":4},"end":{"line":13,"column":null}},"3":{"start":{"line":13,"column":25},"end":{"line":13,"column":null}},"4":{"start":{"line":15,"column":22},"end":{"line":15,"column":62}},"5":{"start":{"line":17,"column":4},"end":{"line":19,"column":null}},"6":{"start":{"line":18,"column":8},"end":{"line":18,"column":null}},"7":{"start":{"line":19,"column":8},"end":{"line":19,"column":null}},"8":{"start":{"line":22,"column":4},"end":{"line":22,"column":null}},"9":{"start":{"line":25,"column":6},"end":{"line":77,"column":null}},"10":{"start":{"line":26,"column":21},"end":{"line":26,"column":64}},"11":{"start":{"line":27,"column":22},"end":{"line":27,"column":49}},"12":{"start":{"line":28,"column":24},"end":{"line":28,"column":53}},"13":{"start":{"line":30,"column":23},"end":{"line":33,"column":6}},"14":{"start":{"line":35,"column":10},"end":{"line":62,"column":15}},"15":{"start":{"line":36,"column":8},"end":{"line":48,"column":null}},"16":{"start":{"line":37,"column":35},"end":{"line":37,"column":84}},"17":{"start":{"line":39,"column":12},"end":{"line":48,"column":null}},"18":{"start":{"line":40,"column":34},"end":{"line":40,"column":74}},"19":{"start":{"line":42,"column":16},"end":{"line":45,"column":null}},"20":{"start":{"line":43,"column":26},"end":{"line":43,"column":87}},"21":{"start":{"line":44,"column":20},"end":{"line":44,"column":null}},"22":{"start":{"line":45,"column":20},"end":{"line":45,"column":null}},"23":{"start":{"line":48,"column":16},"end":{"line":48,"column":null}},"24":{"start":{"line":52,"column":23},"end":{"line":52,"column":36}},"25":{"start":{"line":54,"column":8},"end":{"line":54,"column":null}},"26":{"start":{"line":54,"column":21},"end":{"line":54,"column":null}},"27":{"start":{"line":56,"column":14},"end":{"line":56,"column":67}},"28":{"start":{"line":58,"column":8},"end":{"line":58,"column":null}},"29":{"start":{"line":59,"column":8},"end":{"line":59,"column":null}},"30":{"start":{"line":61,"column":8},"end":{"line":61,"column":null}},"31":{"start":{"line":64,"column":4},"end":{"line":77,"column":null}}},"fnMap":{"0":{"name":"(anonymous_0)","decl":{"start":{"line":10,"column":6},"end":{"line":10,"column":33}},"loc":{"start":{"line":10,"column":33},"end":{"line":22,"column":null}},"line":10},"1":{"name":"(anonymous_1)","decl":{"start":{"line":25,"column":6},"end":{"line":25,"column":33}},"loc":{"start":{"line":25,"column":50},"end":{"line":77,"column":null}},"line":25},"2":{"name":"(anonymous_2)","decl":{"start":{"line":35,"column":38},"end":{"line":35,"column":45}},"loc":{"start":{"line":35,"column":72},"end":{"line":62,"column":8}},"line":35}},"branchMap":{"0":{"loc":{"start":{"line":13,"column":4},"end":{"line":13,"column":null}},"type":"if","locations":[{"start":{"line":13,"column":4},"end":{"line":13,"column":null}},{"start":{},"end":{}}],"line":13},"1":{"loc":{"start":{"line":17,"column":4},"end":{"line":19,"column":null}},"type":"if","locations":[{"start":{"line":17,"column":4},"end":{"line":19,"column":null}},{"start":{},"end":{}}],"line":17},"2":{"loc":{"start":{"line":35,"column":45},"end":{"line":35,"column":67}},"type":"default-arg","locations":[{"start":{"line":35,"column":65},"end":{"line":35,"column":67}}],"line":35},"3":{"loc":{"start":{"line":35,"column":47},"end":{"line":35,"column":65}},"type":"default-arg","locations":[{"start":{"line":35,"column":55},"end":{"line":35,"column":65}}],"line":35},"4":{"loc":{"start":{"line":36,"column":8},"end":{"line":48,"column":null}},"type":"if","locations":[{"start":{"line":36,"column":8},"end":{"line":48,"column":null}},{"start":{},"end":{}}],"line":36},"5":{"loc":{"start":{"line":39,"column":12},"end":{"line":48,"column":null}},"type":"if","locations":[{"start":{"line":39,"column":12},"end":{"line":48,"column":null}},{"start":{},"end":{}}],"line":39},"6":{"loc":{"start":{"line":42,"column":16},"end":{"line":45,"column":null}},"type":"if","locations":[{"start":{"line":42,"column":16},"end":{"line":45,"column":null}},{"start":{},"end":{}}],"line":42},"7":{"loc":{"start":{"line":54,"column":8},"end":{"line":54,"column":null}},"type":"if","locations":[{"start":{"line":54,"column":8},"end":{"line":54,"column":null}},{"start":{},"end":{}}],"line":54}},"s":{"0":1,"1":12,"2":12,"3":8,"4":4,"5":4,"6":2,"7":2,"8":2,"9":1,"10":18,"11":18,"12":18,"13":18,"14":18,"15":6,"16":3,"17":3,"18":3,"19":3,"20":2,"21":2,"22":2,"23":1,"24":4,"25":4,"26":1,"27":3,"28":3,"29":3,"30":3,"31":18},"f":{"0":12,"1":18,"2":6},"b":{"0":[8,4],"1":[2,2],"2":[6],"3":[6],"4":[3,3],"5":[3,0],"6":[2,1],"7":[1,3]},"meta":{"lastBranch":8,"lastFunction":3,"lastStatement":32,"seen":{"s:10:6:22:Infinity":0,"f:10:6:10:33":0,"s:11:27:11:76":1,"b:13:4:13:Infinity:undefined:undefined:undefined:undefined":0,"s:13:4:13:Infinity":2,"s:13:25:13:Infinity":3,"s:15:22:15:62":4,"b:17:4:19:Infinity:undefined:undefined:undefined:undefined":1,"s:17:4:19:Infinity":5,"s:18:8:18:Infinity":6,"s:19:8:19:Infinity":7,"s:22:4:22:Infinity":8,"s:25:6:77:Infinity":9,"f:25:6:25:33":1,"s:26:21:26:64":10,"s:27:22:27:49":11,"s:28:24:28:53":12,"s:30:23:33:6":13,"s:35:10:62:15":14,"f:35:38:35:45":2,"b:35:65:35:67":2,"b:35:55:35:65":3,"b:36:8:48:Infinity:undefined:undefined:undefined:undefined":4,"s:36:8:48:Infinity":15,"s:37:35:37:84":16,"b:39:12:48:Infinity:undefined:undefined:undefined:undefined":5,"s:39:12:48:Infinity":17,"s:40:34:40:74":18,"b:42:16:45:Infinity:undefined:undefined:undefined:undefined":6,"s:42:16:45:Infinity":19,"s:43:26:43:87":20,"s:44:20:44:Infinity":21,"s:45:20:45:Infinity":22,"s:48:16:48:Infinity":23,"s:52:23:52:36":24,"b:54:8:54:Infinity:undefined:undefined:undefined:undefined":7,"s:54:8:54:Infinity":25,"s:54:21:54:Infinity":26,"s:56:14:56:67":27,"s:58:8:58:Infinity":28,"s:59:8:59:Infinity":29,"s:61:8:61:Infinity":30,"s:64:4:77:Infinity":31}}}
,"C:\\Users\\velas\\OneDrive\\Documentos\\pruebas-tecnicas\\frontendDevTest\\src\\context\\use-products.jsx": {"path":"C:\\Users\\velas\\OneDrive\\Documentos\\pruebas-tecnicas\\frontendDevTest\\src\\context\\use-products.jsx","statementMap":{"0":{"start":{"line":4,"column":13},"end":{"line":4,"column":50}},"1":{"start":{"line":6,"column":13},"end":{"line":13,"column":null}},"2":{"start":{"line":7,"column":10},"end":{"line":7,"column":47}},"3":{"start":{"line":9,"column":4},"end":{"line":10,"column":null}},"4":{"start":{"line":10,"column":8},"end":{"line":10,"column":null}},"5":{"start":{"line":13,"column":4},"end":{"line":13,"column":null}}},"fnMap":{"0":{"name":"(anonymous_0)","decl":{"start":{"line":6,"column":13},"end":{"line":6,"column":33}},"loc":{"start":{"line":6,"column":33},"end":{"line":13,"column":null}},"line":6}},"branchMap":{"0":{"loc":{"start":{"line":9,"column":4},"end":{"line":10,"column":null}},"type":"if","locations":[{"start":{"line":9,"column":4},"end":{"line":10,"column":null}},{"start":{},"end":{}}],"line":9}},"s":{"0":2,"1":2,"2":22,"3":22,"4":2,"5":19},"f":{"0":22},"b":{"0":[2,20]},"meta":{"lastBranch":1,"lastFunction":1,"lastStatement":6,"seen":{"s:4:13:4:50":0,"s:6:13:13:Infinity":1,"f:6:13:6:33":0,"s:7:10:7:47":2,"b:9:4:10:Infinity:undefined:undefined:undefined:undefined":0,"s:9:4:10:Infinity":3,"s:10:8:10:Infinity":4,"s:13:4:13:Infinity":5}}}
,"C:\\Users\\velas\\OneDrive\\Documentos\\pruebas-tecnicas\\frontendDevTest\\src\\hooks\\api\\use-api.jsx": {"path":"C:\\Users\\velas\\OneDrive\\Documentos\\pruebas-tecnicas\\frontendDevTest\\src\\hooks\\api\\use-api.jsx","statementMap":{"0":{"start":{"line":5,"column":13},"end":{"line":46,"column":null}},"1":{"start":{"line":6,"column":22},"end":{"line":6,"column":51}},"2":{"start":{"line":8,"column":10},"end":{"line":41,"column":31}},"3":{"start":{"line":9,"column":8},"end":{"line":39,"column":null}},"4":{"start":{"line":10,"column":12},"end":{"line":10,"column":null}},"5":{"start":{"line":12,"column":29},"end":{"line":12,"column":56}},"6":{"start":{"line":14,"column":12},"end":{"line":16,"column":null}},"7":{"start":{"line":15,"column":16},"end":{"line":15,"column":null}},"8":{"start":{"line":16,"column":16},"end":{"line":16,"column":null}},"9":{"start":{"line":19,"column":29},"end":{"line":19,"column":null}},"10":{"start":{"line":21,"column":12},"end":{"line":30,"column":null}},"11":{"start":{"line":22,"column":31},"end":{"line":22,"column":62}},"12":{"start":{"line":24,"column":16},"end":{"line":27,"column":null}},"13":{"start":{"line":25,"column":20},"end":{"line":25,"column":null}},"14":{"start":{"line":26,"column":20},"end":{"line":26,"column":null}},"15":{"start":{"line":27,"column":20},"end":{"line":27,"column":null}},"16":{"start":{"line":30,"column":16},"end":{"line":30,"column":null}},"17":{"start":{"line":33,"column":12},"end":{"line":33,"column":null}},"18":{"start":{"line":35,"column":12},"end":{"line":35,"column":null}},"19":{"start":{"line":36,"column":12},"end":{"line":36,"column":null}},"20":{"start":{"line":37,"column":12},"end":{"line":37,"column":null}},"21":{"start":{"line":39,"column":12},"end":{"line":39,"column":null}},"22":{"start":{"line":43,"column":4},"end":{"line":46,"column":null}}},"fnMap":{"0":{"name":"(anonymous_0)","decl":{"start":{"line":5,"column":13},"end":{"line":5,"column":23}},"loc":{"start":{"line":5,"column":53},"end":{"line":46,"column":null}},"line":5},"1":{"name":"(anonymous_1)","decl":{"start":{"line":8,"column":30},"end":{"line":8,"column":37}},"loc":{"start":{"line":8,"column":53},"end":{"line":41,"column":8}},"line":8}},"branchMap":{"0":{"loc":{"start":{"line":8,"column":37},"end":{"line":8,"column":48}},"type":"default-arg","locations":[{"start":{"line":8,"column":46},"end":{"line":8,"column":48}}],"line":8},"1":{"loc":{"start":{"line":14,"column":12},"end":{"line":16,"column":null}},"type":"if","locations":[{"start":{"line":14,"column":12},"end":{"line":16,"column":null}},{"start":{},"end":{}}],"line":14},"2":{"loc":{"start":{"line":21,"column":12},"end":{"line":30,"column":null}},"type":"if","locations":[{"start":{"line":21,"column":12},"end":{"line":30,"column":null}},{"start":{},"end":{}}],"line":21},"3":{"loc":{"start":{"line":24,"column":16},"end":{"line":27,"column":null}},"type":"if","locations":[{"start":{"line":24,"column":16},"end":{"line":27,"column":null}},{"start":{},"end":{}}],"line":24}},"s":{"0":1,"1":20,"2":20,"3":9,"4":9,"5":9,"6":8,"7":1,"8":1,"9":7,"10":7,"11":3,"12":3,"13":2,"14":2,"15":2,"16":1,"17":5,"18":1,"19":1,"20":1,"21":9,"22":20},"f":{"0":20,"1":9},"b":{"0":[9],"1":[1,7],"2":[3,4],"3":[2,1]},"meta":{"lastBranch":4,"lastFunction":2,"lastStatement":23,"seen":{"s:5:13:46:Infinity":0,"f:5:13:5:23":0,"s:6:22:6:51":1,"s:8:10:41:31":2,"f:8:30:8:37":1,"b:8:46:8:48":0,"s:9:8:39:Infinity":3,"s:10:12:10:Infinity":4,"s:12:29:12:56":5,"b:14:12:16:Infinity:undefined:undefined:undefined:undefined":1,"s:14:12:16:Infinity":6,"s:15:16:15:Infinity":7,"s:16:16:16:Infinity":8,"s:19:29:19:Infinity":9,"b:21:12:30:Infinity:undefined:undefined:undefined:undefined":2,"s:21:12:30:Infinity":10,"s:22:31:22:62":11,"b:24:16:27:Infinity:undefined:undefined:undefined:undefined":3,"s:24:16:27:Infinity":12,"s:25:20:25:Infinity":13,"s:26:20:26:Infinity":14,"s:27:20:27:Infinity":15,"s:30:16:30:Infinity":16,"s:33:12:33:Infinity":17,"s:35:12:35:Infinity":18,"s:36:12:36:Infinity":19,"s:37:12:37:Infinity":20,"s:39:12:39:Infinity":21,"s:43:4:46:Infinity":22}}}
,"C:\\Users\\velas\\OneDrive\\Documentos\\pruebas-tecnicas\\frontendDevTest\\src\\hooks\\product\\use-product-detail.jsx": {"path":"C:\\Users\\velas\\OneDrive\\Documentos\\pruebas-tecnicas\\frontendDevTest\\src\\hooks\\product\\use-product-detail.jsx","statementMap":{"0":{"start":{"line":8,"column":13},"end":{"line":75,"column":null}},"1":{"start":{"line":9,"column":23},"end":{"line":12,"column":6}},"2":{"start":{"line":14,"column":25},"end":{"line":17,"column":6}},"3":{"start":{"line":19,"column":4},"end":{"line":70,"column":null}},"4":{"start":{"line":20,"column":8},"end":{"line":20,"column":null}},"5":{"start":{"line":20,"column":24},"end":{"line":20,"column":null}},"6":{"start":{"line":22,"column":25},"end":{"line":22,"column":null}},"7":{"start":{"line":23,"column":26},"end":{"line":23,"column":null}},"8":{"start":{"line":25,"column":35},"end":{"line":62,"column":null}},"9":{"start":{"line":26,"column":34},"end":{"line":26,"column":60}},"10":{"start":{"line":28,"column":12},"end":{"line":42,"column":null}},"11":{"start":{"line":29,"column":34},"end":{"line":29,"column":78}},"12":{"start":{"line":31,"column":16},"end":{"line":39,"column":null}},"13":{"start":{"line":32,"column":20},"end":{"line":36,"column":null}},"14":{"start":{"line":33,"column":24},"end":{"line":36,"column":null}},"15":{"start":{"line":39,"column":20},"end":{"line":39,"column":null}},"16":{"start":{"line":42,"column":16},"end":{"line":42,"column":null}},"17":{"start":{"line":45,"column":29},"end":{"line":45,"column":51}},"18":{"start":{"line":47,"column":12},"end":{"line":47,"column":null}},"19":{"start":{"line":47,"column":29},"end":{"line":47,"column":null}},"20":{"start":{"line":49,"column":12},"end":{"line":54,"column":null}},"21":{"start":{"line":50,"column":16},"end":{"line":53,"column":null}},"22":{"start":{"line":54,"column":16},"end":{"line":54,"column":null}},"23":{"start":{"line":57,"column":12},"end":{"line":60,"column":null}},"24":{"start":{"line":62,"column":12},"end":{"line":62,"column":null}},"25":{"start":{"line":65,"column":8},"end":{"line":65,"column":null}},"26":{"start":{"line":67,"column":8},"end":{"line":68,"column":null}},"27":{"start":{"line":68,"column":12},"end":{"line":68,"column":null}},"28":{"start":{"line":72,"column":4},"end":{"line":75,"column":null}}},"fnMap":{"0":{"name":"(anonymous_0)","decl":{"start":{"line":8,"column":13},"end":{"line":8,"column":33}},"loc":{"start":{"line":8,"column":47},"end":{"line":75,"column":null}},"line":8},"1":{"name":"(anonymous_1)","decl":{"start":{"line":19,"column":4},"end":{"line":19,"column":20}},"loc":{"start":{"line":19,"column":20},"end":{"line":70,"column":8}},"line":19},"2":{"name":"(anonymous_2)","decl":{"start":{"line":25,"column":35},"end":{"line":25,"column":47}},"loc":{"start":{"line":25,"column":47},"end":{"line":62,"column":null}},"line":25},"3":{"name":"(anonymous_3)","decl":{"start":{"line":67,"column":8},"end":{"line":67,"column":21}},"loc":{"start":{"line":67,"column":21},"end":{"line":68,"column":null}},"line":67}},"branchMap":{"0":{"loc":{"start":{"line":20,"column":8},"end":{"line":20,"column":null}},"type":"if","locations":[{"start":{"line":20,"column":8},"end":{"line":20,"column":null}},{"start":{},"end":{}}],"line":20},"1":{"loc":{"start":{"line":28,"column":12},"end":{"line":42,"column":null}},"type":"if","locations":[{"start":{"line":28,"column":12},"end":{"line":42,"column":null}},{"start":{},"end":{}}],"line":28},"2":{"loc":{"start":{"line":31,"column":16},"end":{"line":39,"column":null}},"type":"if","locations":[{"start":{"line":31,"column":16},"end":{"line":39,"column":null}},{"start":{},"end":{}}],"line":31},"3":{"loc":{"start":{"line":32,"column":20},"end":{"line":36,"column":null}},"type":"if","locations":[{"start":{"line":32,"column":20},"end":{"line":36,"column":null}},{"start":{},"end":{}}],"line":32},"4":{"loc":{"start":{"line":47,"column":12},"end":{"line":47,"column":null}},"type":"if","locations":[{"start":{"line":47,"column":12},"end":{"line":47,"column":null}},{"start":{},"end":{}}],"line":47},"5":{"loc":{"start":{"line":49,"column":12},"end":{"line":54,"column":null}},"type":"if","locations":[{"start":{"line":49,"column":12},"end":{"line":54,"column":null}},{"start":{},"end":{}}],"line":49},"6":{"loc":{"start":{"line":73,"column":17},"end":{"line":73,"column":null}},"type":"cond-expr","locations":[{"start":{"line":73,"column":56},"end":{"line":73,"column":79}},{"start":{"line":73,"column":79},"end":{"line":73,"column":null}}],"line":73}},"s":{"0":2,"1":14,"2":14,"3":14,"4":9,"5":1,"6":8,"7":8,"8":8,"9":8,"10":8,"11":2,"12":2,"13":1,"14":1,"15":1,"16":1,"17":7,"18":7,"19":1,"20":6,"21":2,"22":2,"23":4,"24":4,"25":8,"26":8,"27":8,"28":14},"f":{"0":14,"1":9,"2":8,"3":8},"b":{"0":[1,8],"1":[2,6],"2":[1,1],"3":[1,0],"4":[1,6],"5":[2,4],"6":[5,9]},"meta":{"lastBranch":7,"lastFunction":4,"lastStatement":29,"seen":{"s:8:13:75:Infinity":0,"f:8:13:8:33":0,"s:9:23:12:6":1,"s:14:25:17:6":2,"s:19:4:70:Infinity":3,"f:19:4:19:20":1,"b:20:8:20:Infinity:undefined:undefined:undefined:undefined":0,"s:20:8:20:Infinity":4,"s:20:24:20:Infinity":5,"s:22:25:22:Infinity":6,"s:23:26:23:Infinity":7,"s:25:35:62:Infinity":8,"f:25:35:25:47":2,"s:26:34:26:60":9,"b:28:12:42:Infinity:undefined:undefined:undefined:undefined":1,"s:28:12:42:Infinity":10,"s:29:34:29:78":11,"b:31:16:39:Infinity:undefined:undefined:undefined:undefined":2,"s:31:16:39:Infinity":12,"b:32:20:36:Infinity:undefined:undefined:undefined:undefined":3,"s:32:20:36:Infinity":13,"s:33:24:36:Infinity":14,"s:39:20:39:Infinity":15,"s:42:16:42:Infinity":16,"s:45:29:45:51":17,"b:47:12:47:Infinity:undefined:undefined:undefined:undefined":4,"s:47:12:47:Infinity":18,"s:47:29:47:Infinity":19,"b:49:12:54:Infinity:undefined:undefined:undefined:undefined":5,"s:49:12:54:Infinity":20,"s:50:16:53:Infinity":21,"s:54:16:54:Infinity":22,"s:57:12:60:Infinity":23,"s:62:12:62:Infinity":24,"s:65:8:65:Infinity":25,"s:67:8:68:Infinity":26,"f:67:8:67:21":3,"s:68:12:68:Infinity":27,"s:72:4:75:Infinity":28,"b:73:56:73:79:73:79:73:Infinity":6}}}
,"C:\\Users\\velas\\OneDrive\\Documentos\\pruebas-tecnicas\\frontendDevTest\\src\\hooks\\product\\use-product-options.jsx": {"path":"C:\\Users\\velas\\OneDrive\\Documentos\\pruebas-tecnicas\\frontendDevTest\\src\\hooks\\product\\use-product-options.jsx","statementMap":{"0":{"start":{"line":3,"column":13},"end":{"line":46,"column":null}},"1":{"start":{"line":4,"column":26},"end":{"line":4,"column":58}},"2":{"start":{"line":5,"column":28},"end":{"line":5,"column":62}},"3":{"start":{"line":7,"column":10},"end":{"line":9,"column":null}},"4":{"start":{"line":8,"column":14},"end":{"line":8,"column":46}},"5":{"start":{"line":12,"column":10},"end":{"line":14,"column":null}},"6":{"start":{"line":13,"column":14},"end":{"line":13,"column":44}},"7":{"start":{"line":17,"column":25},"end":{"line":17,"column":null}},"8":{"start":{"line":18,"column":27},"end":{"line":18,"column":null}},"9":{"start":{"line":20,"column":35},"end":{"line":20,"column":null}},"10":{"start":{"line":21,"column":37},"end":{"line":21,"column":null}},"11":{"start":{"line":23,"column":10},"end":{"line":28,"column":46}},"12":{"start":{"line":24,"column":8},"end":{"line":26,"column":null}},"13":{"start":{"line":25,"column":40},"end":{"line":25,"column":85}},"14":{"start":{"line":30,"column":10},"end":{"line":35,"column":50}},"15":{"start":{"line":31,"column":8},"end":{"line":33,"column":null}},"16":{"start":{"line":32,"column":42},"end":{"line":32,"column":89}},"17":{"start":{"line":37,"column":4},"end":{"line":46,"column":null}}},"fnMap":{"0":{"name":"(anonymous_0)","decl":{"start":{"line":3,"column":13},"end":{"line":3,"column":34}},"loc":{"start":{"line":3,"column":46},"end":{"line":46,"column":null}},"line":3},"1":{"name":"(anonymous_1)","decl":{"start":{"line":7,"column":27},"end":{"line":7,"column":null}},"loc":{"start":{"line":8,"column":14},"end":{"line":8,"column":46}},"line":8},"2":{"name":"(anonymous_2)","decl":{"start":{"line":12,"column":25},"end":{"line":12,"column":null}},"loc":{"start":{"line":13,"column":14},"end":{"line":13,"column":44}},"line":13},"3":{"name":"(anonymous_3)","decl":{"start":{"line":23,"column":30},"end":{"line":23,"column":44}},"loc":{"start":{"line":23,"column":44},"end":{"line":28,"column":8}},"line":23},"4":{"name":"(anonymous_4)","decl":{"start":{"line":25,"column":25},"end":{"line":25,"column":31}},"loc":{"start":{"line":25,"column":40},"end":{"line":25,"column":85}},"line":25},"5":{"name":"(anonymous_5)","decl":{"start":{"line":30,"column":32},"end":{"line":30,"column":46}},"loc":{"start":{"line":30,"column":46},"end":{"line":35,"column":8}},"line":30},"6":{"name":"(anonymous_6)","decl":{"start":{"line":32,"column":27},"end":{"line":32,"column":33}},"loc":{"start":{"line":32,"column":42},"end":{"line":32,"column":89}},"line":32}},"branchMap":{"0":{"loc":{"start":{"line":8,"column":14},"end":{"line":8,"column":46}},"type":"binary-expr","locations":[{"start":{"line":8,"column":14},"end":{"line":8,"column":44}},{"start":{"line":8,"column":44},"end":{"line":8,"column":46}}],"line":8},"1":{"loc":{"start":{"line":13,"column":14},"end":{"line":13,"column":44}},"type":"binary-expr","locations":[{"start":{"line":13,"column":14},"end":{"line":13,"column":42}},{"start":{"line":13,"column":42},"end":{"line":13,"column":44}}],"line":13},"2":{"loc":{"start":{"line":17,"column":25},"end":{"line":17,"column":null}},"type":"cond-expr","locations":[{"start":{"line":17,"column":49},"end":{"line":17,"column":77}},{"start":{"line":17,"column":80},"end":{"line":17,"column":null}}],"line":17},"3":{"loc":{"start":{"line":18,"column":27},"end":{"line":18,"column":null}},"type":"cond-expr","locations":[{"start":{"line":18,"column":53},"end":{"line":18,"column":83}},{"start":{"line":18,"column":86},"end":{"line":18,"column":null}}],"line":18},"4":{"loc":{"start":{"line":20,"column":35},"end":{"line":20,"column":null}},"type":"binary-expr","locations":[{"start":{"line":20,"column":35},"end":{"line":20,"column":52}},{"start":{"line":20,"column":52},"end":{"line":20,"column":null}}],"line":20},"5":{"loc":{"start":{"line":21,"column":37},"end":{"line":21,"column":null}},"type":"binary-expr","locations":[{"start":{"line":21,"column":37},"end":{"line":21,"column":56}},{"start":{"line":21,"column":56},"end":{"line":21,"column":null}}],"line":21},"6":{"loc":{"start":{"line":25,"column":12},"end":{"line":26,"column":null}},"type":"binary-expr","locations":[{"start":{"line":25,"column":12},"end":{"line":25,"column":null}},{"start":{"line":26,"column":12},"end":{"line":26,"column":null}}],"line":25},"7":{"loc":{"start":{"line":32,"column":12},"end":{"line":33,"column":null}},"type":"binary-expr","locations":[{"start":{"line":32,"column":12},"end":{"line":32,"column":null}},{"start":{"line":33,"column":12},"end":{"line":33,"column":null}}],"line":32}},"s":{"0":1,"1":12,"2":12,"3":12,"4":9,"5":12,"6":9,"7":12,"8":12,"9":12,"10":12,"11":12,"12":11,"13":10,"14":12,"15":11,"16":10,"17":12},"f":{"0":12,"1":9,"2":9,"3":11,"4":10,"5":11,"6":10},"b":{"0":[9,2],"1":[9,2],"2":[10,2],"3":[10,2],"4":[12,10],"5":[12,10],"6":[11,3],"7":[11,3]},"meta":{"lastBranch":8,"lastFunction":7,"lastStatement":18,"seen":{"s:3:13:46:Infinity":0,"f:3:13:3:34":0,"s:4:26:4:58":1,"s:5:28:5:62":2,"s:7:10:9:Infinity":3,"f:7:27:7:Infinity":1,"s:8:14:8:46":4,"b:8:14:8:44:8:44:8:46":0,"s:12:10:14:Infinity":5,"f:12:25:12:Infinity":2,"s:13:14:13:44":6,"b:13:14:13:42:13:42:13:44":1,"s:17:25:17:Infinity":7,"b:17:49:17:77:17:80:17:Infinity":2,"s:18:27:18:Infinity":8,"b:18:53:18:83:18:86:18:Infinity":3,"s:20:35:20:Infinity":9,"b:20:35:20:52:20:52:20:Infinity":4,"s:21:37:21:Infinity":10,"b:21:37:21:56:21:56:21:Infinity":5,"s:23:10:28:46":11,"f:23:30:23:44":3,"s:24:8:26:Infinity":12,"b:25:12:25:Infinity:26:12:26:Infinity":6,"f:25:25:25:31":4,"s:25:40:25:85":13,"s:30:10:35:50":14,"f:30:32:30:46":5,"s:31:8:33:Infinity":15,"b:32:12:32:Infinity:33:12:33:Infinity":7,"f:32:27:32:33":6,"s:32:42:32:89":16,"s:37:4:46:Infinity":17}}}
,"C:\\Users\\velas\\OneDrive\\Documentos\\pruebas-tecnicas\\frontendDevTest\\src\\hooks\\product\\use-products-per-page.jsx": {"path":"C:\\Users\\velas\\OneDrive\\Documentos\\pruebas-tecnicas\\frontendDevTest\\src\\hooks\\product\\use-products-per-page.jsx","statementMap":{"0":{"start":{"line":3,"column":38},"end":{"line":3,"column":null}},"1":{"start":{"line":4,"column":25},"end":{"line":4,"column":null}},"2":{"start":{"line":5,"column":32},"end":{"line":5,"column":null}},"3":{"start":{"line":7,"column":6},"end":{"line":10,"column":null}},"4":{"start":{"line":8,"column":4},"end":{"line":8,"column":null}},"5":{"start":{"line":8,"column":23},"end":{"line":8,"column":null}},"6":{"start":{"line":9,"column":4},"end":{"line":9,"column":null}},"7":{"start":{"line":9,"column":22},"end":{"line":9,"column":null}},"8":{"start":{"line":10,"column":4},"end":{"line":10,"column":null}},"9":{"start":{"line":13,"column":6},"end":{"line":28,"column":null}},"10":{"start":{"line":20,"column":20},"end":{"line":20,"column":44}},"11":{"start":{"line":21,"column":28},"end":{"line":21,"column":null}},"12":{"start":{"line":23,"column":17},"end":{"line":25,"column":null}},"13":{"start":{"line":28,"column":4},"end":{"line":28,"column":null}},"14":{"start":{"line":31,"column":13},"end":{"line":59,"column":null}},"15":{"start":{"line":36,"column":28},"end":{"line":36,"column":62}},"16":{"start":{"line":38,"column":4},"end":{"line":57,"column":null}},"17":{"start":{"line":39,"column":14},"end":{"line":48,"column":null}},"18":{"start":{"line":40,"column":29},"end":{"line":46,"column":14}},"19":{"start":{"line":48,"column":12},"end":{"line":48,"column":null}},"20":{"start":{"line":51,"column":8},"end":{"line":51,"column":null}},"21":{"start":{"line":52,"column":8},"end":{"line":52,"column":null}},"22":{"start":{"line":54,"column":8},"end":{"line":55,"column":null}},"23":{"start":{"line":55,"column":12},"end":{"line":55,"column":null}},"24":{"start":{"line":59,"column":4},"end":{"line":59,"column":null}}},"fnMap":{"0":{"name":"(anonymous_0)","decl":{"start":{"line":7,"column":6},"end":{"line":7,"column":27}},"loc":{"start":{"line":7,"column":37},"end":{"line":10,"column":null}},"line":7},"1":{"name":"(anonymous_1)","decl":{"start":{"line":13,"column":6},"end":{"line":13,"column":39}},"loc":{"start":{"line":19,"column":6},"end":{"line":28,"column":null}},"line":19},"2":{"name":"(anonymous_2)","decl":{"start":{"line":31,"column":13},"end":{"line":31,"column":35}},"loc":{"start":{"line":35,"column":11},"end":{"line":59,"column":null}},"line":35},"3":{"name":"(anonymous_3)","decl":{"start":{"line":38,"column":4},"end":{"line":38,"column":20}},"loc":{"start":{"line":38,"column":20},"end":{"line":57,"column":8}},"line":38},"4":{"name":"(anonymous_4)","decl":{"start":{"line":39,"column":14},"end":{"line":39,"column":44}},"loc":{"start":{"line":39,"column":44},"end":{"line":48,"column":null}},"line":39},"5":{"name":"(anonymous_5)","decl":{"start":{"line":54,"column":8},"end":{"line":54,"column":21}},"loc":{"start":{"line":54,"column":21},"end":{"line":55,"column":null}},"line":54}},"branchMap":{"0":{"loc":{"start":{"line":8,"column":4},"end":{"line":8,"column":null}},"type":"if","locations":[{"start":{"line":8,"column":4},"end":{"line":8,"column":null}},{"start":{},"end":{}}],"line":8},"1":{"loc":{"start":{"line":9,"column":4},"end":{"line":9,"column":null}},"type":"if","locations":[{"start":{"line":9,"column":4},"end":{"line":9,"column":null}},{"start":{},"end":{}}],"line":9},"2":{"loc":{"start":{"line":31,"column":35},"end":{"line":35,"column":6}},"type":"default-arg","locations":[{"start":{"line":35,"column":4},"end":{"line":35,"column":6}}],"line":31},"3":{"loc":{"start":{"line":32,"column":4},"end":{"line":32,"column":null}},"type":"default-arg","locations":[{"start":{"line":32,"column":26},"end":{"line":32,"column":null}}],"line":32},"4":{"loc":{"start":{"line":33,"column":4},"end":{"line":33,"column":null}},"type":"default-arg","locations":[{"start":{"line":33,"column":14},"end":{"line":33,"column":null}}],"line":33},"5":{"loc":{"start":{"line":34,"column":4},"end":{"line":34,"column":null}},"type":"default-arg","locations":[{"start":{"line":34,"column":21},"end":{"line":34,"column":null}}],"line":34}},"s":{"0":1,"1":1,"2":1,"3":1,"4":10,"5":5,"6":5,"7":2,"8":3,"9":1,"10":10,"11":10,"12":10,"13":10,"14":1,"15":19,"16":19,"17":9,"18":10,"19":10,"20":9,"21":9,"22":9,"23":9,"24":19},"f":{"0":10,"1":10,"2":19,"3":9,"4":10,"5":9},"b":{"0":[5,5],"1":[2,3],"2":[19],"3":[19],"4":[19],"5":[19]},"meta":{"lastBranch":6,"lastFunction":6,"lastStatement":25,"seen":{"s:3:38:3:Infinity":0,"s:4:25:4:Infinity":1,"s:5:32:5:Infinity":2,"s:7:6:10:Infinity":3,"f:7:6:7:27":0,"b:8:4:8:Infinity:undefined:undefined:undefined:undefined":0,"s:8:4:8:Infinity":4,"s:8:23:8:Infinity":5,"b:9:4:9:Infinity:undefined:undefined:undefined:undefined":1,"s:9:4:9:Infinity":6,"s:9:22:9:Infinity":7,"s:10:4:10:Infinity":8,"s:13:6:28:Infinity":9,"f:13:6:13:39":1,"s:20:20:20:44":10,"s:21:28:21:Infinity":11,"s:23:17:25:Infinity":12,"s:28:4:28:Infinity":13,"s:31:13:59:Infinity":14,"f:31:13:31:35":2,"b:35:4:35:6":2,"b:32:26:32:Infinity":3,"b:33:14:33:Infinity":4,"b:34:21:34:Infinity":5,"s:36:28:36:62":15,"s:38:4:57:Infinity":16,"f:38:4:38:20":3,"s:39:14:48:Infinity":17,"f:39:14:39:44":4,"s:40:29:46:14":18,"s:48:12:48:Infinity":19,"s:51:8:51:Infinity":20,"s:52:8:52:Infinity":21,"s:54:8:55:Infinity":22,"f:54:8:54:21":5,"s:55:12:55:Infinity":23,"s:59:4:59:Infinity":24}}}
,"C:\\Users\\velas\\OneDrive\\Documentos\\pruebas-tecnicas\\frontendDevTest\\src\\pages\\product\\product-page.jsx": {"path":"C:\\Users\\velas\\OneDrive\\Documentos\\pruebas-tecnicas\\frontendDevTest\\src\\pages\\product\\product-page.jsx","statementMap":{"0":{"start":{"line":15,"column":6},"end":{"line":93,"column":null}},"1":{"start":{"line":16,"column":12},"end":{"line":16,"column":37}},"2":{"start":{"line":17,"column":41},"end":{"line":17,"column":91}},"3":{"start":{"line":18,"column":21},"end":{"line":18,"column":62}},"4":{"start":{"line":19,"column":12},"end":{"line":19,"column":42}},"5":{"start":{"line":29,"column":8},"end":{"line":30,"column":34}},"6":{"start":{"line":32,"column":10},"end":{"line":32,"column":80}},"7":{"start":{"line":32,"column":24},"end":{"line":32,"column":68}},"8":{"start":{"line":33,"column":10},"end":{"line":33,"column":80}},"9":{"start":{"line":33,"column":21},"end":{"line":33,"column":68}},"10":{"start":{"line":35,"column":10},"end":{"line":48,"column":null}},"11":{"start":{"line":36,"column":27},"end":{"line":45,"column":null}},"12":{"start":{"line":38,"column":29},"end":{"line":42,"column":14}},"13":{"start":{"line":45,"column":12},"end":{"line":45,"column":null}},"14":{"start":{"line":48,"column":8},"end":{"line":48,"column":null}},"15":{"start":{"line":51,"column":4},"end":{"line":57,"column":null}},"16":{"start":{"line":52,"column":8},"end":{"line":57,"column":null}},"17":{"start":{"line":61,"column":4},"end":{"line":93,"column":null}},"18":{"start":{"line":88,"column":24},"end":{"line":92,"column":null}}},"fnMap":{"0":{"name":"(anonymous_0)","decl":{"start":{"line":15,"column":6},"end":{"line":15,"column":26}},"loc":{"start":{"line":15,"column":26},"end":{"line":93,"column":null}},"line":15},"1":{"name":"(anonymous_1)","decl":{"start":{"line":32,"column":24},"end":{"line":32,"column":38}},"loc":{"start":{"line":32,"column":24},"end":{"line":32,"column":68}},"line":32},"2":{"name":"(anonymous_2)","decl":{"start":{"line":33,"column":21},"end":{"line":33,"column":35}},"loc":{"start":{"line":33,"column":21},"end":{"line":33,"column":68}},"line":33},"3":{"name":"(anonymous_3)","decl":{"start":{"line":35,"column":10},"end":{"line":35,"column":43}},"loc":{"start":{"line":35,"column":43},"end":{"line":48,"column":null}},"line":35},"4":{"name":"(anonymous_4)","decl":{"start":{"line":36,"column":27},"end":{"line":36,"column":39}},"loc":{"start":{"line":36,"column":39},"end":{"line":45,"column":null}},"line":36},"5":{"name":"(anonymous_5)","decl":{"start":{"line":87,"column":30},"end":{"line":87,"column":35}},"loc":{"start":{"line":88,"column":24},"end":{"line":92,"column":null}},"line":88}},"branchMap":{"0":{"loc":{"start":{"line":51,"column":4},"end":{"line":57,"column":null}},"type":"if","locations":[{"start":{"line":51,"column":4},"end":{"line":57,"column":null}},{"start":{},"end":{}}],"line":51}},"s":{"0":1,"1":12,"2":12,"3":12,"4":12,"5":12,"6":12,"7":12,"8":12,"9":12,"10":12,"11":2,"12":2,"13":2,"14":2,"15":12,"16":1,"17":11,"18":22},"f":{"0":12,"1":12,"2":12,"3":2,"4":2,"5":22},"b":{"0":[1,11]},"meta":{"lastBranch":1,"lastFunction":6,"lastStatement":19,"seen":{"s:15:6:93:Infinity":0,"f:15:6:15:26":0,"s:16:12:16:37":1,"s:17:41:17:91":2,"s:18:21:18:62":3,"s:19:12:19:42":4,"s:29:8:30:34":5,"s:32:10:32:80":6,"f:32:24:32:38":1,"s:32:24:32:68":7,"s:33:10:33:80":8,"f:33:21:33:35":2,"s:33:21:33:68":9,"s:35:10:48:Infinity":10,"f:35:10:35:43":3,"s:36:27:45:Infinity":11,"f:36:27:36:39":4,"s:38:29:42:14":12,"s:45:12:45:Infinity":13,"s:48:8:48:Infinity":14,"b:51:4:57:Infinity:undefined:undefined:undefined:undefined":0,"s:51:4:57:Infinity":15,"s:52:8:57:Infinity":16,"s:61:4:93:Infinity":17,"f:87:30:87:35":5,"s:88:24:92:Infinity":18}}}
,"C:\\Users\\velas\\OneDrive\\Documentos\\pruebas-tecnicas\\frontendDevTest\\src\\pages\\search\\search-products-page.jsx": {"path":"C:\\Users\\velas\\OneDrive\\Documentos\\pruebas-tecnicas\\frontendDevTest\\src\\pages\\search\\search-products-page.jsx","statementMap":{"0":{"start":{"line":9,"column":6},"end":{"line":121,"column":null}},"1":{"start":{"line":10,"column":19},"end":{"line":10,"column":44}},"2":{"start":{"line":11,"column":66},"end":{"line":11,"column":98}},"3":{"start":{"line":13,"column":4},"end":{"line":15,"column":null}},"4":{"start":{"line":14,"column":8},"end":{"line":14,"column":null}},"5":{"start":{"line":17,"column":10},"end":{"line":21,"column":6}},"6":{"start":{"line":23,"column":10},"end":{"line":34,"column":26}},"7":{"start":{"line":24,"column":28},"end":{"line":24,"column":55}},"8":{"start":{"line":26,"column":8},"end":{"line":26,"column":null}},"9":{"start":{"line":26,"column":26},"end":{"line":26,"column":null}},"10":{"start":{"line":28,"column":8},"end":{"line":33,"column":null}},"11":{"start":{"line":29,"column":26},"end":{"line":29,"column":null}},"12":{"start":{"line":30,"column":26},"end":{"line":30,"column":null}},"13":{"start":{"line":32,"column":12},"end":{"line":32,"column":null}},"14":{"start":{"line":36,"column":23},"end":{"line":36,"column":75}},"15":{"start":{"line":39,"column":8},"end":{"line":39,"column":64}},"16":{"start":{"line":41,"column":10},"end":{"line":46,"column":60}},"17":{"start":{"line":42,"column":14},"end":{"line":42,"column":null}},"18":{"start":{"line":43,"column":25},"end":{"line":43,"column":null}},"19":{"start":{"line":45,"column":8},"end":{"line":45,"column":null}},"20":{"start":{"line":48,"column":10},"end":{"line":55,"column":24}},"21":{"start":{"line":49,"column":8},"end":{"line":54,"column":null}},"22":{"start":{"line":50,"column":12},"end":{"line":50,"column":null}},"23":{"start":{"line":50,"column":38},"end":{"line":50,"column":null}},"24":{"start":{"line":52,"column":12},"end":{"line":52,"column":null}},"25":{"start":{"line":53,"column":12},"end":{"line":53,"column":null}},"26":{"start":{"line":57,"column":4},"end":{"line":121,"column":null}},"27":{"start":{"line":106,"column":36},"end":{"line":106,"column":null}}},"fnMap":{"0":{"name":"(anonymous_0)","decl":{"start":{"line":9,"column":6},"end":{"line":9,"column":33}},"loc":{"start":{"line":9,"column":33},"end":{"line":121,"column":null}},"line":9},"1":{"name":"(anonymous_1)","decl":{"start":{"line":13,"column":4},"end":{"line":13,"column":20}},"loc":{"start":{"line":13,"column":20},"end":{"line":15,"column":8}},"line":13},"2":{"name":"(anonymous_2)","decl":{"start":{"line":23,"column":29},"end":{"line":23,"column":43}},"loc":{"start":{"line":23,"column":43},"end":{"line":34,"column":8}},"line":23},"3":{"name":"(anonymous_3)","decl":{"start":{"line":28,"column":24},"end":{"line":28,"column":32}},"loc":{"start":{"line":28,"column":44},"end":{"line":33,"column":null}},"line":28},"4":{"name":"(anonymous_4)","decl":{"start":{"line":41,"column":30},"end":{"line":41,"column":44}},"loc":{"start":{"line":41,"column":44},"end":{"line":46,"column":8}},"line":41},"5":{"name":"(anonymous_5)","decl":{"start":{"line":48,"column":25},"end":{"line":48,"column":38}},"loc":{"start":{"line":48,"column":48},"end":{"line":55,"column":8}},"line":48},"6":{"name":"(anonymous_6)","decl":{"start":{"line":49,"column":8},"end":{"line":49,"column":19}},"loc":{"start":{"line":49,"column":34},"end":{"line":54,"column":null}},"line":49},"7":{"name":"(anonymous_7)","decl":{"start":{"line":105,"column":51},"end":{"line":105,"column":56}},"loc":{"start":{"line":106,"column":36},"end":{"line":106,"column":null}},"line":106}},"branchMap":{"0":{"loc":{"start":{"line":11,"column":12},"end":{"line":11,"column":25}},"type":"default-arg","locations":[{"start":{"line":11,"column":23},"end":{"line":11,"column":25}}],"line":11},"1":{"loc":{"start":{"line":26,"column":8},"end":{"line":26,"column":null}},"type":"if","locations":[{"start":{"line":26,"column":8},"end":{"line":26,"column":null}},{"start":{},"end":{}}],"line":26},"2":{"loc":{"start":{"line":29,"column":26},"end":{"line":29,"column":null}},"type":"binary-expr","locations":[{"start":{"line":29,"column":26},"end":{"line":29,"column":54}},{"start":{"line":29,"column":58},"end":{"line":29,"column":null}}],"line":29},"3":{"loc":{"start":{"line":30,"column":26},"end":{"line":30,"column":null}},"type":"binary-expr","locations":[{"start":{"line":30,"column":26},"end":{"line":30,"column":54}},{"start":{"line":30,"column":58},"end":{"line":30,"column":null}}],"line":30},"4":{"loc":{"start":{"line":32,"column":19},"end":{"line":32,"column":77}},"type":"binary-expr","locations":[{"start":{"line":32,"column":19},"end":{"line":32,"column":46}},{"start":{"line":32,"column":50},"end":{"line":32,"column":77}}],"line":32},"5":{"loc":{"start":{"line":39,"column":8},"end":{"line":39,"column":64}},"type":"cond-expr","locations":[{"start":{"line":39,"column":27},"end":{"line":39,"column":31}},{"start":{"line":39,"column":31},"end":{"line":39,"column":64}}],"line":39},"6":{"loc":{"start":{"line":50,"column":12},"end":{"line":50,"column":null}},"type":"if","locations":[{"start":{"line":50,"column":12},"end":{"line":50,"column":null}},{"start":{},"end":{}}],"line":50},"7":{"loc":{"start":{"line":65,"column":13},"end":{"line":121,"column":null}},"type":"cond-expr","locations":[{"start":{"line":66,"column":16},"end":{"line":76,"column":null}},{"start":{"line":76,"column":16},"end":{"line":121,"column":null}}],"line":65},"8":{"loc":{"start":{"line":86,"column":25},"end":{"line":88,"column":null}},"type":"binary-expr","locations":[{"start":{"line":86,"column":25},"end":{"line":86,"column":38}},{"start":{"line":87,"column":28},"end":{"line":88,"column":null}}],"line":86},"9":{"loc":{"start":{"line":93,"column":21},"end":{"line":119,"column":null}},"type":"cond-expr","locations":[{"start":{"line":94,"column":24},"end":{"line":103,"column":null}},{"start":{"line":103,"column":24},"end":{"line":119,"column":null}}],"line":93},"10":{"loc":{"start":{"line":110,"column":29},"end":{"line":119,"column":null}},"type":"binary-expr","locations":[{"start":{"line":110,"column":29},"end":{"line":110,"column":null}},{"start":{"line":111,"column":32},"end":{"line":119,"column":null}}],"line":110}},"s":{"0":1,"1":22,"2":22,"3":22,"4":15,"5":22,"6":22,"7":22,"8":22,"9":16,"10":6,"11":18,"12":18,"13":18,"14":22,"15":22,"16":22,"17":22,"18":22,"19":22,"20":22,"21":7,"22":7,"23":0,"24":7,"25":7,"26":22,"27":32},"f":{"0":22,"1":15,"2":22,"3":18,"4":22,"5":7,"6":7,"7":32},"b":{"0":[22],"1":[16,6],"2":[18,0],"3":[18,0],"4":[18,14],"5":[3,19],"6":[0,7],"7":[1,21],"8":[21,6],"9":[2,19],"10":[19,14]},"meta":{"lastBranch":11,"lastFunction":8,"lastStatement":28,"seen":{"s:9:6:121:Infinity":0,"f:9:6:9:33":0,"s:10:19:10:44":1,"s:11:66:11:98":2,"b:11:23:11:25":0,"s:13:4:15:Infinity":3,"f:13:4:13:20":1,"s:14:8:14:Infinity":4,"s:17:10:21:6":5,"s:23:10:34:26":6,"f:23:29:23:43":2,"s:24:28:24:55":7,"b:26:8:26:Infinity:undefined:undefined:undefined:undefined":1,"s:26:8:26:Infinity":8,"s:26:26:26:Infinity":9,"s:28:8:33:Infinity":10,"f:28:24:28:32":3,"s:29:26:29:Infinity":11,"b:29:26:29:54:29:58:29:Infinity":2,"s:30:26:30:Infinity":12,"b:30:26:30:54:30:58:30:Infinity":3,"s:32:12:32:Infinity":13,"b:32:19:32:46:32:50:32:77":4,"s:36:23:36:75":14,"s:39:8:39:64":15,"b:39:27:39:31:39:31:39:64":5,"s:41:10:46:60":16,"f:41:30:41:44":4,"s:42:14:42:Infinity":17,"s:43:25:43:Infinity":18,"s:45:8:45:Infinity":19,"s:48:10:55:24":20,"f:48:25:48:38":5,"s:49:8:54:Infinity":21,"f:49:8:49:19":6,"b:50:12:50:Infinity:undefined:undefined:undefined:undefined":6,"s:50:12:50:Infinity":22,"s:50:38:50:Infinity":23,"s:52:12:52:Infinity":24,"s:53:12:53:Infinity":25,"s:57:4:121:Infinity":26,"b:66:16:76:Infinity:76:16:121:Infinity":7,"b:86:25:86:38:87:28:88:Infinity":8,"b:94:24:103:Infinity:103:24:119:Infinity":9,"f:105:51:105:56":7,"s:106:36:106:Infinity":27,"b:110:29:110:Infinity:111:32:119:Infinity":10}}}
,"C:\\Users\\velas\\OneDrive\\Documentos\\pruebas-tecnicas\\frontendDevTest\\src\\routes\\app.router.jsx": {"path":"C:\\Users\\velas\\OneDrive\\Documentos\\pruebas-tecnicas\\frontendDevTest\\src\\routes\\app.router.jsx","statementMap":{"0":{"start":{"line":7,"column":13},"end":{"line":26,"column":2}}},"fnMap":{},"branchMap":{},"s":{"0":1},"f":{},"b":{},"meta":{"lastBranch":0,"lastFunction":0,"lastStatement":1,"seen":{"s:7:13:26:2":0}}}
,"C:\\Users\\velas\\OneDrive\\Documentos\\pruebas-tecnicas\\frontendDevTest\\src\\services\\actions\\add-product-cart.js": {"path":"C:\\Users\\velas\\OneDrive\\Documentos\\pruebas-tecnicas\\frontendDevTest\\src\\services\\actions\\add-product-cart.js","statementMap":{"0":{"start":{"line":4,"column":30},"end":{"line":9,"column":null}},"1":{"start":{"line":5,"column":4},"end":{"line":5,"column":null}},"2":{"start":{"line":5,"column":56},"end":{"line":5,"column":null}},"3":{"start":{"line":7,"column":21},"end":{"line":7,"column":58}},"4":{"start":{"line":9,"column":4},"end":{"line":9,"column":null}}},"fnMap":{"0":{"name":"(anonymous_0)","decl":{"start":{"line":4,"column":30},"end":{"line":4,"column":37}},"loc":{"start":{"line":4,"column":46},"end":{"line":9,"column":null}},"line":4}},"branchMap":{"0":{"loc":{"start":{"line":5,"column":4},"end":{"line":5,"column":null}},"type":"if","locations":[{"start":{"line":5,"column":4},"end":{"line":5,"column":null}},{"start":{},"end":{}}],"line":5}},"s":{"0":1,"1":3,"2":1,"3":2,"4":2},"f":{"0":3},"b":{"0":[1,2]},"meta":{"lastBranch":1,"lastFunction":1,"lastStatement":5,"seen":{"s:4:30:9:Infinity":0,"f:4:30:4:37":0,"b:5:4:5:Infinity:undefined:undefined:undefined:undefined":0,"s:5:4:5:Infinity":1,"s:5:56:5:Infinity":2,"s:7:21:7:58":3,"s:9:4:9:Infinity":4}}}
,"C:\\Users\\velas\\OneDrive\\Documentos\\pruebas-tecnicas\\frontendDevTest\\src\\services\\actions\\get-product-detail.js": {"path":"C:\\Users\\velas\\OneDrive\\Documentos\\pruebas-tecnicas\\frontendDevTest\\src\\services\\actions\\get-product-detail.js","statementMap":{"0":{"start":{"line":3,"column":32},"end":{"line":6,"column":null}},"1":{"start":{"line":4,"column":21},"end":{"line":4,"column":67}},"2":{"start":{"line":6,"column":4},"end":{"line":6,"column":null}}},"fnMap":{"0":{"name":"(anonymous_0)","decl":{"start":{"line":3,"column":32},"end":{"line":3,"column":39}},"loc":{"start":{"line":3,"column":53},"end":{"line":6,"column":null}},"line":3}},"branchMap":{},"s":{"0":1,"1":2,"2":2},"f":{"0":2},"b":{},"meta":{"lastBranch":0,"lastFunction":1,"lastStatement":3,"seen":{"s:3:32:6:Infinity":0,"f:3:32:3:39":0,"s:4:21:4:67":1,"s:6:4:6:Infinity":2}}}
,"C:\\Users\\velas\\OneDrive\\Documentos\\pruebas-tecnicas\\frontendDevTest\\src\\services\\actions\\get-products.js": {"path":"C:\\Users\\velas\\OneDrive\\Documentos\\pruebas-tecnicas\\frontendDevTest\\src\\services\\actions\\get-products.js","statementMap":{"0":{"start":{"line":3,"column":27},"end":{"line":6,"column":null}},"1":{"start":{"line":4,"column":21},"end":{"line":4,"column":54}},"2":{"start":{"line":6,"column":4},"end":{"line":6,"column":null}}},"fnMap":{"0":{"name":"(anonymous_0)","decl":{"start":{"line":3,"column":27},"end":{"line":3,"column":39}},"loc":{"start":{"line":3,"column":39},"end":{"line":6,"column":null}},"line":3}},"branchMap":{},"s":{"0":1,"1":2,"2":2},"f":{"0":2},"b":{},"meta":{"lastBranch":0,"lastFunction":1,"lastStatement":3,"seen":{"s:3:27:6:Infinity":0,"f:3:27:3:39":0,"s:4:21:4:54":1,"s:6:4:6:Infinity":2}}}
,"C:\\Users\\velas\\OneDrive\\Documentos\\pruebas-tecnicas\\frontendDevTest\\src\\services\\api\\products.api.js": {"path":"C:\\Users\\velas\\OneDrive\\Documentos\\pruebas-tecnicas\\frontendDevTest\\src\\services\\api\\products.api.js","statementMap":{"0":{"start":{"line":3,"column":17},"end":{"line":3,"column":null}},"1":{"start":{"line":5,"column":27},"end":{"line":7,"column":2}}},"fnMap":{},"branchMap":{},"s":{"0":1,"1":1},"f":{},"b":{},"meta":{"lastBranch":0,"lastFunction":0,"lastStatement":2,"seen":{"s:3:17:3:Infinity":0,"s:5:27:7:2":1}}}
,"C:\\Users\\velas\\OneDrive\\Documentos\\pruebas-tecnicas\\frontendDevTest\\src\\utils\\helper.js": {"path":"C:\\Users\\velas\\OneDrive\\Documentos\\pruebas-tecnicas\\frontendDevTest\\src\\utils\\helper.js","statementMap":{"0":{"start":{"line":1,"column":20},"end":{"line":1,"column":null}},"1":{"start":{"line":12,"column":28},"end":{"line":52,"column":null}},"2":{"start":{"line":14,"column":17},"end":{"line":17,"column":null}},"3":{"start":{"line":19,"column":4},"end":{"line":19,"column":null}},"4":{"start":{"line":23,"column":20},"end":{"line":23,"column":45}},"5":{"start":{"line":25,"column":4},"end":{"line":25,"column":null}},"6":{"start":{"line":25,"column":18},"end":{"line":25,"column":null}},"7":{"start":{"line":27,"column":4},"end":{"line":45,"column":null}},"8":{"start":{"line":28,"column":19},"end":{"line":28,"column":38}},"9":{"start":{"line":31,"column":6},"end":{"line":33,"column":null}},"10":{"start":{"line":32,"column":8},"end":{"line":32,"column":null}},"11":{"start":{"line":33,"column":8},"end":{"line":33,"column":null}},"12":{"start":{"line":37,"column":6},"end":{"line":39,"column":null}},"13":{"start":{"line":38,"column":8},"end":{"line":38,"column":null}},"14":{"start":{"line":39,"column":8},"end":{"line":39,"column":null}},"15":{"start":{"line":42,"column":6},"end":{"line":42,"column":null}},"16":{"start":{"line":44,"column":6},"end":{"line":44,"column":null}},"17":{"start":{"line":45,"column":6},"end":{"line":45,"column":null}},"18":{"start":{"line":50,"column":4},"end":{"line":50,"column":null}}},"fnMap":{"0":{"name":"(anonymous_0)","decl":{"start":{"line":13,"column":2},"end":{"line":13,"column":6}},"loc":{"start":{"line":13,"column":37},"end":{"line":19,"column":null}},"line":13},"1":{"name":"(anonymous_1)","decl":{"start":{"line":22,"column":2},"end":{"line":22,"column":6}},"loc":{"start":{"line":22,"column":11},"end":{"line":45,"column":null}},"line":22},"2":{"name":"(anonymous_2)","decl":{"start":{"line":49,"column":2},"end":{"line":49,"column":9}},"loc":{"start":{"line":49,"column":14},"end":{"line":50,"column":null}},"line":49}},"branchMap":{"0":{"loc":{"start":{"line":13,"column":18},"end":{"line":13,"column":37}},"type":"default-arg","locations":[{"start":{"line":13,"column":24},"end":{"line":13,"column":37}}],"line":13},"1":{"loc":{"start":{"line":25,"column":4},"end":{"line":25,"column":null}},"type":"if","locations":[{"start":{"line":25,"column":4},"end":{"line":25,"column":null}},{"start":{},"end":{}}],"line":25},"2":{"loc":{"start":{"line":31,"column":6},"end":{"line":33,"column":null}},"type":"if","locations":[{"start":{"line":31,"column":6},"end":{"line":33,"column":null}},{"start":{},"end":{}}],"line":31},"3":{"loc":{"start":{"line":37,"column":6},"end":{"line":39,"column":null}},"type":"if","locations":[{"start":{"line":37,"column":6},"end":{"line":39,"column":null}},{"start":{},"end":{}}],"line":37}},"s":{"0":1,"1":1,"2":3,"3":3,"4":5,"5":5,"6":1,"7":4,"8":4,"9":4,"10":1,"11":1,"12":2,"13":1,"14":1,"15":1,"16":1,"17":1,"18":1},"f":{"0":3,"1":5,"2":1},"b":{"0":[3],"1":[1,4],"2":[1,3],"3":[1,1]},"meta":{"lastBranch":4,"lastFunction":3,"lastStatement":19,"seen":{"s:1:20:1:Infinity":0,"s:12:28:52:Infinity":1,"f:13:2:13:6":0,"b:13:24:13:37":0,"s:14:17:17:Infinity":2,"s:19:4:19:Infinity":3,"f:22:2:22:6":1,"s:23:20:23:45":4,"b:25:4:25:Infinity:undefined:undefined:undefined:undefined":1,"s:25:4:25:Infinity":5,"s:25:18:25:Infinity":6,"s:27:4:45:Infinity":7,"s:28:19:28:38":8,"b:31:6:33:Infinity:undefined:undefined:undefined:undefined":2,"s:31:6:33:Infinity":9,"s:32:8:32:Infinity":10,"s:33:8:33:Infinity":11,"b:37:6:39:Infinity:undefined:undefined:undefined:undefined":3,"s:37:6:39:Infinity":12,"s:38:8:38:Infinity":13,"s:39:8:39:Infinity":14,"s:42:6:42:Infinity":15,"s:44:6:44:Infinity":16,"s:45:6:45:Infinity":17,"f:49:2:49:9":2,"s:50:4:50:Infinity":18}}}
,"C:\\Users\\velas\\OneDrive\\Documentos\\pruebas-tecnicas\\frontendDevTest\\src\\utils\\products.js": {"path":"C:\\Users\\velas\\OneDrive\\Documentos\\pruebas-tecnicas\\frontendDevTest\\src\\utils\\products.js","statementMap":{"0":{"start":{"line":2,"column":4},"end":{"line":2,"column":null}},"1":{"start":{"line":2,"column":38},"end":{"line":2,"column":66}},"2":{"start":{"line":6,"column":4},"end":{"line":10,"column":null}},"3":{"start":{"line":7,"column":22},"end":{"line":7,"column":null}},"4":{"start":{"line":9,"column":8},"end":{"line":10,"column":null}},"5":{"start":{"line":10,"column":12},"end":{"line":10,"column":null}},"6":{"start":{"line":14,"column":4},"end":{"line":14,"column":null}},"7":{"start":{"line":18,"column":4},"end":{"line":19,"column":null}},"8":{"start":{"line":19,"column":8},"end":{"line":19,"column":null}},"9":{"start":{"line":22,"column":4},"end":{"line":23,"column":null}},"10":{"start":{"line":23,"column":8},"end":{"line":23,"column":null}},"11":{"start":{"line":26,"column":4},"end":{"line":26,"column":null}},"12":{"start":{"line":30,"column":4},"end":{"line":31,"column":null}},"13":{"start":{"line":30,"column":26},"end":{"line":30,"column":null}},"14":{"start":{"line":31,"column":13},"end":{"line":31,"column":null}},"15":{"start":{"line":31,"column":48},"end":{"line":31,"column":null}},"16":{"start":{"line":34,"column":4},"end":{"line":34,"column":null}}},"fnMap":{"0":{"name":"filterProductsWithoutPrice","decl":{"start":{"line":1,"column":16},"end":{"line":1,"column":43}},"loc":{"start":{"line":1,"column":53},"end":{"line":2,"column":null}},"line":1},"1":{"name":"(anonymous_1)","decl":{"start":{"line":2,"column":20},"end":{"line":2,"column":27}},"loc":{"start":{"line":2,"column":38},"end":{"line":2,"column":66}},"line":2},"2":{"name":"getProductField","decl":{"start":{"line":5,"column":16},"end":{"line":5,"column":32}},"loc":{"start":{"line":5,"column":75},"end":{"line":14,"column":null}},"line":5},"3":{"name":"formatDetailValue","decl":{"start":{"line":17,"column":16},"end":{"line":17,"column":34}},"loc":{"start":{"line":17,"column":69},"end":{"line":26,"column":null}},"line":17},"4":{"name":"getBreadcrumbLabel","decl":{"start":{"line":29,"column":16},"end":{"line":29,"column":35}},"loc":{"start":{"line":29,"column":45},"end":{"line":34,"column":null}},"line":29}},"branchMap":{"0":{"loc":{"start":{"line":5,"column":47},"end":{"line":5,"column":75}},"type":"default-arg","locations":[{"start":{"line":5,"column":58},"end":{"line":5,"column":75}}],"line":5},"1":{"loc":{"start":{"line":9,"column":8},"end":{"line":10,"column":null}},"type":"if","locations":[{"start":{"line":9,"column":8},"end":{"line":10,"column":null}},{"start":{},"end":{}}],"line":9},"2":{"loc":{"start":{"line":9,"column":12},"end":{"line":9,"column":67}},"type":"binary-expr","locations":[{"start":{"line":9,"column":12},"end":{"line":9,"column":35}},{"start":{"line":9,"column":35},"end":{"line":9,"column":53}},{"start":{"line":9,"column":53},"end":{"line":9,"column":67}}],"line":9},"3":{"loc":{"start":{"line":17,"column":41},"end":{"line":17,"column":69}},"type":"default-arg","locations":[{"start":{"line":17,"column":52},"end":{"line":17,"column":69}}],"line":17},"4":{"loc":{"start":{"line":18,"column":4},"end":{"line":19,"column":null}},"type":"if","locations":[{"start":{"line":18,"column":4},"end":{"line":19,"column":null}},{"start":{},"end":{}}],"line":18},"5":{"loc":{"start":{"line":19,"column":15},"end":{"line":19,"column":null}},"type":"cond-expr","locations":[{"start":{"line":19,"column":30},"end":{"line":19,"column":46}},{"start":{"line":19,"column":49},"end":{"line":19,"column":null}}],"line":19},"6":{"loc":{"start":{"line":22,"column":4},"end":{"line":23,"column":null}},"type":"if","locations":[{"start":{"line":22,"column":4},"end":{"line":23,"column":null}},{"start":{},"end":{}}],"line":22},"7":{"loc":{"start":{"line":22,"column":8},"end":{"line":22,"column":63}},"type":"binary-expr","locations":[{"start":{"line":22,"column":8},"end":{"line":22,"column":26}},{"start":{"line":22,"column":26},"end":{"line":22,"column":49}},{"start":{"line":22,"column":49},"end":{"line":22,"column":63}}],"line":22},"8":{"loc":{"start":{"line":30,"column":4},"end":{"line":31,"column":null}},"type":"if","locations":[{"start":{"line":30,"column":4},"end":{"line":31,"column":null}},{"start":{"line":31,"column":13},"end":{"line":31,"column":null}}],"line":30},"9":{"loc":{"start":{"line":31,"column":13},"end":{"line":31,"column":null}},"type":"if","locations":[{"start":{"line":31,"column":13},"end":{"line":31,"column":null}},{"start":{},"end":{}}],"line":31}},"s":{"0":1,"1":3,"2":11,"3":14,"4":14,"5":5,"6":6,"7":192,"8":7,"9":185,"10":156,"11":29,"12":3,"13":1,"14":2,"15":1,"16":1},"f":{"0":1,"1":3,"2":11,"3":192,"4":3},"b":{"0":[11],"1":[5,9],"2":[14,8,7],"3":[192],"4":[7,185],"5":[6,1],"6":[156,29],"7":[185,184,30],"8":[1,2],"9":[1,1]},"meta":{"lastBranch":10,"lastFunction":5,"lastStatement":17,"seen":{"f:1:16:1:43":0,"s:2:4:2:Infinity":0,"f:2:20:2:27":1,"s:2:38:2:66":1,"f:5:16:5:32":2,"b:5:58:5:75":0,"s:6:4:10:Infinity":2,"s:7:22:7:Infinity":3,"b:9:8:10:Infinity:undefined:undefined:undefined:undefined":1,"s:9:8:10:Infinity":4,"b:9:12:9:35:9:35:9:53:9:53:9:67":2,"s:10:12:10:Infinity":5,"s:14:4:14:Infinity":6,"f:17:16:17:34":3,"b:17:52:17:69":3,"b:18:4:19:Infinity:undefined:undefined:undefined:undefined":4,"s:18:4:19:Infinity":7,"s:19:8:19:Infinity":8,"b:19:30:19:46:19:49:19:Infinity":5,"b:22:4:23:Infinity:undefined:undefined:undefined:undefined":6,"s:22:4:23:Infinity":9,"b:22:8:22:26:22:26:22:49:22:49:22:63":7,"s:23:8:23:Infinity":10,"s:26:4:26:Infinity":11,"f:29:16:29:35":4,"b:30:4:31:Infinity:31:13:31:Infinity":8,"s:30:4:31:Infinity":12,"s:30:26:30:Infinity":13,"b:31:13:31:Infinity:undefined:undefined:undefined:undefined":9,"s:31:13:31:Infinity":14,"s:31:48:31:Infinity":15,"s:34:4:34:Infinity":16}}}
,"C:\\Users\\velas\\OneDrive\\Documentos\\pruebas-tecnicas\\frontendDevTest\\src\\utils\\mapper\\product\\product-detail.mapper.js": {"path":"C:\\Users\\velas\\OneDrive\\Documentos\\pruebas-tecnicas\\frontendDevTest\\src\\utils\\mapper\\product\\product-detail.mapper.js","statementMap":{"0":{"start":{"line":22,"column":13},"end":{"line":42,"column":null}},"1":{"start":{"line":23,"column":4},"end":{"line":23,"column":null}},"2":{"start":{"line":23,"column":18},"end":{"line":23,"column":null}},"3":{"start":{"line":25,"column":4},"end":{"line":42,"column":null}},"4":{"start":{"line":45,"column":13},"end":{"line":239,"column":null}},"5":{"start":{"line":46,"column":4},"end":{"line":46,"column":null}},"6":{"start":{"line":46,"column":18},"end":{"line":46,"column":null}},"7":{"start":{"line":48,"column":4},"end":{"line":239,"column":null}}},"fnMap":{"0":{"name":"(anonymous_0)","decl":{"start":{"line":22,"column":13},"end":{"line":22,"column":38}},"loc":{"start":{"line":22,"column":50},"end":{"line":42,"column":null}},"line":22},"1":{"name":"(anonymous_1)","decl":{"start":{"line":45,"column":13},"end":{"line":45,"column":41}},"loc":{"start":{"line":45,"column":53},"end":{"line":239,"column":null}},"line":45}},"branchMap":{"0":{"loc":{"start":{"line":23,"column":4},"end":{"line":23,"column":null}},"type":"if","locations":[{"start":{"line":23,"column":4},"end":{"line":23,"column":null}},{"start":{},"end":{}}],"line":23},"1":{"loc":{"start":{"line":46,"column":4},"end":{"line":46,"column":null}},"type":"if","locations":[{"start":{"line":46,"column":4},"end":{"line":46,"column":null}},{"start":{},"end":{}}],"line":46},"2":{"loc":{"start":{"line":59,"column":28},"end":{"line":59,"column":null}},"type":"cond-expr","locations":[{"start":{"line":59,"column":78},"end":{"line":59,"column":102}},{"start":{"line":59,"column":102},"end":{"line":59,"column":null}}],"line":59},"3":{"loc":{"start":{"line":59,"column":28},"end":{"line":59,"column":78}},"type":"binary-expr","locations":[{"start":{"line":59,"column":28},"end":{"line":59,"column":46}},{"start":{"line":59,"column":46},"end":{"line":59,"column":78}}],"line":59}},"s":{"0":1,"1":4,"2":2,"3":2,"4":1,"5":8,"6":2,"7":6},"f":{"0":4,"1":8},"b":{"0":[2,2],"1":[2,6],"2":[2,4],"3":[6,2]},"meta":{"lastBranch":4,"lastFunction":2,"lastStatement":8,"seen":{"s:22:13:42:Infinity":0,"f:22:13:22:38":0,"b:23:4:23:Infinity:undefined:undefined:undefined:undefined":0,"s:23:4:23:Infinity":1,"s:23:18:23:Infinity":2,"s:25:4:42:Infinity":3,"s:45:13:239:Infinity":4,"f:45:13:45:41":1,"b:46:4:46:Infinity:undefined:undefined:undefined:undefined":1,"s:46:4:46:Infinity":5,"s:46:18:46:Infinity":6,"s:48:4:239:Infinity":7,"b:59:78:59:102:59:102:59:Infinity":2,"b:59:28:59:46:59:46:59:78":3}}}
}
